22-07-28 01:10:18 - Connection pool is full, discarding connection: www.atptour.com
22-07-28 01:10:18 - Connection pool is full, discarding connection: www.atptour.com
22-07-28 01:11:15 - https://www.atptour.com/en/players/daniil-medvedev/mm58/overview
22-07-28 01:11:15 - https://www.atptour.com/en/players/alexander-zverev/z355/overview
22-07-28 01:11:15 - https://www.atptour.com/en/players/rafael-nadal/n409/overview
22-07-28 01:11:15 - https://www.atptour.com/en/players/stefanos-tsitsipas/te51/overview
22-07-28 01:11:15 - https://www.atptour.com/en/players/carlos-alcaraz/a0e2/overview
22-07-28 01:11:15 - https://www.atptour.com/en/players/casper-ruud/rh16/overview
22-07-28 01:11:15 - https://www.atptour.com/en/players/novak-djokovic/d643/overview
22-07-28 01:11:15 - https://www.atptour.com/en/players/andrey-rublev/re44/overview
22-07-28 01:11:15 - https://www.atptour.com/en/players/felix-auger-aliassime/ag37/overview
22-07-28 01:11:15 - https://www.atptour.com/en/players/jannik-sinner/s0ag/overview
22-07-28 01:11:15 - https://www.atptour.com/en/players/hubert-hurkacz/hb71/overview
22-07-28 01:11:15 - https://www.atptour.com/en/players/taylor-fritz/fb98/overview
22-07-28 01:11:15 - https://www.atptour.com/en/players/cameron-norrie/n771/overview
22-07-28 01:11:15 - https://www.atptour.com/en/players/matteo-berrettini/bk40/overview
22-07-28 01:11:15 - https://www.atptour.com/en/players/diego-schwartzman/sm37/overview
22-07-28 01:11:15 - https://www.atptour.com/en/players/marin-cilic/c977/overview
22-07-28 01:11:15 - https://www.atptour.com/en/players/reilly-opelka/o522/overview
22-07-28 01:11:15 - https://www.atptour.com/en/players/grigor-dimitrov/d875/overview
22-07-28 01:11:15 - https://www.atptour.com/en/players/gael-monfils/mc65/overview
22-07-28 01:11:15 - https://www.atptour.com/en/players/roberto-bautista-agut/bd06/overview
22-07-28 01:11:15 - https://www.atptour.com/en/players/denis-shapovalov/su55/overview
22-07-28 01:11:15 - https://www.atptour.com/en/players/pablo-carreno-busta/cd85/overview
22-07-28 01:11:15 - https://www.atptour.com/en/players/karen-khachanov/ke29/overview
22-07-28 01:11:15 - https://www.atptour.com/en/players/francisco-cerundolo/c0au/overview
22-07-28 01:11:15 - https://www.atptour.com/en/players/john-isner/i186/overview
22-07-28 01:11:15 - https://www.atptour.com/en/players/botic-van-de-zandschulp/v812/overview
22-07-28 01:11:15 - https://www.atptour.com/en/players/holger-rune/r0dg/overview
22-07-28 01:11:15 - https://www.atptour.com/en/players/nikoloz-basilashvili/bg23/overview
22-07-28 01:11:15 - https://www.atptour.com/en/players/frances-tiafoe/td51/overview
22-07-28 01:11:15 - https://www.atptour.com/en/players/alex-de-minaur/dh58/overview
22-07-28 01:11:15 - https://www.atptour.com/en/players/lorenzo-musetti/m0ej/overview
22-07-28 01:11:15 - https://www.atptour.com/en/players/sebastian-baez/b0bi/overview
22-07-28 01:11:15 - https://www.atptour.com/en/players/miomir-kecmanovic/ki95/overview
22-07-28 01:11:15 - https://www.atptour.com/en/players/maxime-cressy/c0bc/overview
22-07-28 01:11:15 - https://www.atptour.com/en/players/alejandro-davidovich-fokina/dh50/overview
22-07-28 01:11:15 - https://www.atptour.com/en/players/tommy-paul/pl56/overview
22-07-28 01:11:15 - https://www.atptour.com/en/players/aslan-karatsev/kc56/overview
22-07-28 01:11:15 - https://www.atptour.com/en/players/alex-molcan/mv14/overview
22-07-28 01:11:15 - https://www.atptour.com/en/players/daniel-evans/e687/overview
22-07-28 01:11:15 - https://www.atptour.com/en/players/oscar-otte/o449/overview
22-07-28 01:11:15 - https://www.atptour.com/en/players/alexander-bublik/bk92/overview
22-07-28 01:11:15 - https://www.atptour.com/en/players/emil-ruusuvuori/rh24/overview
22-07-28 01:11:15 - https://www.atptour.com/en/players/jenson-brooksby/b0cd/overview
22-07-28 01:11:15 - https://www.atptour.com/en/players/filip-krajinovic/kb05/overview
22-07-28 01:11:15 - https://www.atptour.com/en/players/benjamin-bonzi/bm95/overview
22-07-28 01:11:15 - https://www.atptour.com/en/players/tallon-griekspoor/gj37/overview
22-07-28 01:11:15 - https://www.atptour.com/en/players/nick-kyrgios/ke17/overview
22-07-28 01:11:15 - https://www.atptour.com/en/players/lloyd-harris/hg86/overview
22-07-28 01:11:15 - https://www.atptour.com/en/players/pedro-martinez/mo44/overview
22-07-28 01:11:15 - https://www.atptour.com/en/players/andy-murray/mc10/overview
22-07-28 01:11:15 - https://www.atptour.com/en/players/mackenzie-mcdonald/mk66/overview
22-07-28 01:11:15 - https://www.atptour.com/en/players/albert-ramos-vinolas/r772/overview
22-07-28 01:11:15 - https://www.atptour.com/en/players/ilya-ivashka/i305/overview
22-07-28 01:11:15 - https://www.atptour.com/en/players/fabio-fognini/f510/overview
22-07-28 01:11:15 - https://www.atptour.com/en/players/marcos-giron/gc88/overview
22-07-28 01:11:15 - https://www.atptour.com/en/players/brandon-nakashima/n0ae/overview
22-07-28 01:11:15 - https://www.atptour.com/en/players/sebastian-korda/k0ah/overview
22-07-28 01:11:15 - https://www.atptour.com/en/players/lorenzo-sonego/su87/overview
22-07-28 01:11:15 - https://www.atptour.com/en/players/jaume-munar/mu94/overview
22-07-28 01:11:15 - https://www.atptour.com/en/players/arthur-rinderknech/rc91/overview
22-07-28 01:11:15 - https://www.atptour.com/en/players/joao-sousa/sh90/overview
22-07-28 01:11:15 - https://www.atptour.com/en/players/james-duckworth/d994/overview
22-07-28 01:11:15 - https://www.atptour.com/en/players/david-goffin/gb88/overview
22-07-28 01:11:15 - https://www.atptour.com/en/players/alejandro-tabilo/te30/overview
22-07-28 01:11:15 - https://www.atptour.com/en/players/daniel-altmaier/ae14/overview
22-07-28 01:11:15 - https://www.atptour.com/en/players/jiri-vesely/v708/overview
22-07-28 01:11:15 - https://www.atptour.com/en/players/thiago-monteiro/mj08/overview
22-07-28 01:11:15 - https://www.atptour.com/en/players/jiri-lehecka/l0bv/overview
22-07-28 01:11:15 - https://www.atptour.com/en/players/thanasi-kokkinakis/kd46/overview
22-07-28 01:11:15 - https://www.atptour.com/en/players/hugo-dellien/da31/overview
22-07-28 01:11:15 - https://www.atptour.com/en/players/cristian-garin/gd64/overview
22-07-28 01:11:15 - https://www.atptour.com/en/players/tomas-martin-etcheverry/ea24/overview
22-07-28 01:11:15 - https://www.atptour.com/en/players/federico-coria/ce77/overview
22-07-28 01:11:15 - https://www.atptour.com/en/players/quentin-halys/hb64/overview
22-07-28 01:11:15 - https://www.atptour.com/en/players/hugo-gaston/g09o/overview
22-07-28 01:11:15 - https://www.atptour.com/en/players/soonwoo-kwon/kf17/overview
22-07-28 01:11:15 - https://www.atptour.com/en/players/laslo-djere/db63/overview
22-07-28 01:11:15 - https://www.atptour.com/en/players/adrian-mannarino/me82/overview
22-07-28 01:11:15 - https://www.atptour.com/en/players/richard-gasquet/g628/overview
22-07-28 01:11:15 - https://www.atptour.com/en/players/dusan-lajovic/l987/overview
22-07-28 01:11:15 - https://www.atptour.com/en/players/john-millman/mh30/overview
22-07-28 01:11:15 - https://www.atptour.com/en/players/bernabe-zapata-miralles/z419/overview
22-07-28 01:11:15 - https://www.atptour.com/en/players/denis-kudla/kb09/overview
22-07-28 01:11:15 - https://www.atptour.com/en/players/alexei-popyrin/p09z/overview
22-07-28 01:11:15 - https://www.atptour.com/en/players/jack-draper/d0co/overview
22-07-28 01:11:15 - https://www.atptour.com/en/players/roberto-carballes-baena/cf59/overview
22-07-28 01:11:15 - https://www.atptour.com/en/players/chun-hsin-tseng/t0ap/overview
22-07-28 01:11:15 - https://www.atptour.com/en/players/peter-gojowczyk/g967/overview
22-07-28 01:11:15 - https://www.atptour.com/en/players/kamil-majchrzak/mq75/overview
22-07-28 01:11:15 - https://www.atptour.com/en/players/pedro-cachin/cg04/overview
22-07-28 01:11:15 - https://www.atptour.com/en/players/steve-johnson/j386/overview
22-07-28 01:11:15 - https://www.atptour.com/en/players/yoshihito-nishioka/n732/overview
22-07-28 01:11:15 - https://www.atptour.com/en/players/marton-fucsovics/f724/overview
22-07-28 01:11:15 - https://www.atptour.com/en/players/benoit-paire/pd31/overview
22-07-28 01:11:15 - https://www.atptour.com/en/players/jordan-thompson/tc61/overview
22-07-28 01:11:15 - https://www.atptour.com/en/players/marc-andrea-huesler/hh06/overview
22-07-28 01:11:15 - https://www.atptour.com/en/players/christopher-o'connell/o483/overview
22-07-28 01:11:15 - https://www.atptour.com/en/players/pablo-andujar/a596/overview
22-07-28 01:11:15 - https://www.atptour.com/en/players/daniel-elahi-galan/ge33/overview
22-07-28 01:11:15 - https://www.atptour.com/en/players/jason-kubler/kb95/overview
22-07-28 01:11:15 - https://www.atptour.com/en/players/taro-daniel/da81/overview
22-07-28 01:11:15 - https://www.atptour.com/en/players/ricardas-berankis/be90/overview
22-07-28 01:11:15 - https://www.atptour.com/en/players/j.j.-wolf/w09g/overview
22-07-28 01:11:15 - https://www.atptour.com/en/players/tim-van-rijthoven/v942/overview
22-07-28 01:11:15 - https://www.atptour.com/en/players/constant-lestienne/lb66/overview
22-07-28 01:11:15 - https://www.atptour.com/en/players/jack-sock/sm25/overview
22-07-28 01:11:15 - https://www.atptour.com/en/players/juan-manuel-cerundolo/c0c8/overview
22-07-28 01:11:15 - https://www.atptour.com/en/players/mikael-ymer/y268/overview
22-07-28 01:11:15 - https://www.atptour.com/en/players/juan-pablo-varillas/v836/overview
22-07-28 01:11:15 - https://www.atptour.com/en/players/henri-laaksonen/l949/overview
22-07-28 01:11:15 - https://www.atptour.com/en/players/carlos-taberner/te16/overview
22-07-28 01:11:15 - https://www.atptour.com/en/players/nicolas-jarry/j551/overview
22-07-28 01:11:15 - https://www.atptour.com/en/players/stefan-kozlov/ke64/overview
22-07-28 01:11:15 - https://www.atptour.com/en/players/radu-albot/a829/overview
22-07-28 01:11:15 - https://www.atptour.com/en/players/nuno-borges/bt72/overview
22-07-28 01:11:15 - https://www.atptour.com/en/players/corentin-moutet/mw02/overview
22-07-28 01:11:15 - https://www.atptour.com/en/players/norbert-gombos/gb93/overview
22-07-28 01:11:15 - https://www.atptour.com/en/players/camilo-ugo-carabelli/u182/overview
22-07-28 01:11:15 - https://www.atptour.com/en/players/roman-safiullin/sx50/overview
22-07-28 01:11:15 - https://www.atptour.com/en/players/facundo-bagnis/bf23/overview
22-07-28 01:11:15 - https://www.atptour.com/en/players/jan-lennard-struff/sl28/overview
22-07-28 01:11:15 - https://www.atptour.com/en/players/pavel-kotov/k09f/overview
22-07-28 01:11:15 - https://www.atptour.com/en/players/federico-delbonis/d874/overview
22-07-28 01:11:15 - https://www.atptour.com/en/players/fernando-verdasco/v306/overview
22-07-28 01:11:15 - https://www.atptour.com/en/players/juan-pablo-ficovich/fa43/overview
22-07-28 01:11:15 - https://www.atptour.com/en/players/ryan-peniston/ph78/overview
22-07-28 01:11:15 - https://www.atptour.com/en/players/tomas-barrios-vera/bs86/overview
22-07-28 01:11:15 - https://www.atptour.com/en/players/elias-ymer/y218/overview
22-07-28 01:11:15 - https://www.atptour.com/en/players/aleksandar-vukic/v832/overview
22-07-28 01:11:15 - https://www.atptour.com/en/players/facundo-mena/mj98/overview
22-07-28 01:11:15 - https://www.atptour.com/en/players/hugo-grenier/gf95/overview
22-07-28 01:11:15 - https://www.atptour.com/en/players/liam-broady/bi23/overview
22-07-28 01:11:15 - https://www.atptour.com/en/players/flavio-cobolli/c0e9/overview
22-07-28 01:11:15 - https://www.atptour.com/en/players/zdenek-kolar/kh56/overview
22-07-28 01:11:15 - https://www.atptour.com/en/players/vasek-pospisil/pd07/overview
22-07-28 01:11:15 - https://www.atptour.com/en/players/franco-agamenone/aa27/overview
22-07-28 01:11:15 - https://www.atptour.com/en/players/felipe-meligeni-alves/mw75/overview
22-07-28 01:11:15 - https://www.atptour.com/en/players/tomas-machac/m0fh/overview
22-07-28 01:11:15 - https://www.atptour.com/en/players/zsombor-piros/p09o/overview
22-07-28 01:11:15 - https://www.atptour.com/en/players/yannick-hanfmann/h997/overview
22-07-28 01:11:15 - https://www.atptour.com/en/players/dominik-koepfer/ke73/overview
22-07-28 01:11:15 - https://www.atptour.com/en/players/maximilian-marterer/mn13/overview
22-07-28 01:11:15 - https://www.atptour.com/en/players/mats-moraing/mj71/overview
22-07-28 01:11:15 - https://www.atptour.com/en/players/francesco-passaro/p0ct/overview
22-07-28 01:11:15 - https://www.atptour.com/en/players/jurij-rodionov/r09x/overview
22-07-28 01:11:15 - https://www.atptour.com/en/players/emilio-gomez/ga36/overview
22-07-28 01:11:15 - https://www.atptour.com/en/players/borna-coric/cg80/overview
22-07-28 01:11:15 - https://www.atptour.com/en/players/manuel-guinard/gh33/overview
22-07-28 01:11:15 - https://www.atptour.com/en/players/alexandre-muller/mp20/overview
22-07-28 01:11:15 - https://www.atptour.com/en/players/gianluca-mager/ml57/overview
22-07-28 01:11:15 - https://www.atptour.com/en/players/marco-cecchinato/cf01/overview
22-07-28 01:11:15 - https://www.atptour.com/en/players/ugo-humbert/hh26/overview
22-07-28 01:11:15 - https://www.atptour.com/en/players/christopher-eubanks/e865/overview
22-07-28 01:11:15 - https://www.atptour.com/en/players/zizou-bergs/bu13/overview
22-07-28 01:11:15 - https://www.atptour.com/en/players/stefano-travaglia/ta12/overview
22-07-28 01:11:15 - https://www.atptour.com/en/players/jozef-kovalik/kc04/overview
22-07-28 01:11:15 - https://www.atptour.com/en/players/alexander-shevchenko/s0h2/overview
22-07-28 01:11:15 - https://www.atptour.com/en/players/ernesto-escobedo/e873/overview
22-07-28 01:11:15 - https://www.atptour.com/en/players/vit-kopriva/ki82/overview
22-07-28 01:11:15 - https://www.atptour.com/en/players/kei-nishikori/n552/overview
22-07-28 01:11:15 - https://www.atptour.com/en/players/nikola-milojevic/mm66/overview
22-07-28 01:11:15 - https://www.atptour.com/en/players/egor-gerasimov/gc89/overview
22-07-28 01:11:15 - https://www.atptour.com/en/players/santiago-rodriguez-taverna/rh59/overview
22-07-28 01:11:15 - https://www.atptour.com/en/players/michael-mmoh/mp01/overview
22-07-28 01:11:15 - https://www.atptour.com/en/players/geoffrey-blancaneaux/bu54/overview
22-07-28 01:11:15 - https://www.atptour.com/en/players/dennis-novak/db59/overview
22-07-28 01:11:15 - https://www.atptour.com/en/players/luca-nardi/n0bg/overview
22-07-28 01:11:15 - https://www.atptour.com/en/players/giulio-zeppieri/z0a1/overview
22-07-28 01:11:15 - https://www.atptour.com/en/players/dalibor-svrcina/s0gd/overview
22-07-28 01:11:15 - https://www.atptour.com/en/players/mitchell-krueger/kc12/overview
22-07-28 01:11:15 - https://www.atptour.com/en/players/thiago-agustin-tirante/t0a1/overview
22-07-28 01:11:15 - https://www.atptour.com/en/players/dominic-stricker/s0la/overview
22-07-28 01:11:15 - https://www.atptour.com/en/players/juan-ignacio-londero/lb84/overview
22-07-28 01:11:15 - https://www.atptour.com/en/players/yibing-wu/wb32/overview
22-07-28 01:11:15 - https://www.atptour.com/en/players/nino-serdarusic/sp80/overview
22-07-28 01:11:15 - https://www.atptour.com/en/players/gregoire-barrere/bk24/overview
22-07-28 01:11:15 - https://www.atptour.com/en/players/kaichi-uchida/u120/overview
22-07-28 01:11:15 - https://www.atptour.com/en/players/alexander-ritschard/rc04/overview
22-07-28 01:11:15 - https://www.atptour.com/en/players/dmitry-popko/pg20/overview
22-07-28 01:11:15 - https://www.atptour.com/en/players/andreas-seppi/sa93/overview
22-07-28 01:11:15 - https://www.atptour.com/en/players/andrea-pellegrino/ph64/overview
22-07-28 01:11:15 - https://www.atptour.com/en/players/gilles-simon/sd32/overview
22-07-28 01:11:15 - https://www.atptour.com/en/players/jay-clarke/ci14/overview
22-07-28 01:11:15 - https://www.atptour.com/en/players/antoine-escoffier/e768/overview
22-07-28 01:11:15 - https://www.atptour.com/en/players/tung-lin-wu/w857/overview
22-07-28 01:11:15 - https://www.atptour.com/en/players/luciano-darderi/d0fj/overview
22-07-28 01:11:15 - https://www.atptour.com/en/players/bjorn-fratangelo/f811/overview
22-07-28 01:11:15 - https://www.atptour.com/en/players/gerald-melzer/mi43/overview
22-07-28 01:11:15 - https://www.atptour.com/en/players/dimitar-kuzmanov/kc33/overview
22-07-28 01:11:15 - https://www.atptour.com/en/players/riccardo-bonadio/bi47/overview
22-07-28 01:11:15 - https://www.atptour.com/en/players/zhizhen-zhang/z371/overview
22-07-28 01:11:15 - https://www.atptour.com/en/players/daniel-masur/mn20/overview
22-07-28 01:11:15 - https://www.atptour.com/en/players/filip-horansky/ha28/overview
22-07-28 01:11:15 - https://www.atptour.com/en/players/antoine-bellier/bp41/overview
22-07-28 01:11:15 - https://www.atptour.com/en/players/gijs-brouwer/bo10/overview
22-07-28 01:11:15 - https://www.atptour.com/en/players/borna-gojo/gh92/overview
22-07-28 01:11:15 - https://www.atptour.com/en/players/andrea-collarini/cc66/overview
22-07-28 01:11:15 - https://www.atptour.com/en/players/andrea-arnaboldi/a622/overview
22-07-28 01:11:15 - https://www.atptour.com/en/players/dominic-thiem/tb69/overview
22-07-28 01:11:15 - https://www.atptour.com/en/players/gastao-elias/e698/overview
22-07-28 01:11:15 - https://www.atptour.com/en/players/paul-jubb/j0a4/overview
22-07-28 01:11:15 - https://www.atptour.com/en/players/guido-pella/pc11/overview
22-07-28 01:11:15 - https://www.atptour.com/en/players/andrej-martin/mf35/overview
22-07-28 01:11:15 - https://www.atptour.com/en/players/francisco-comesana/c0df/overview
22-07-28 01:11:15 - https://www.atptour.com/en/players/filip-misolic/m0jz/overview
22-07-28 01:11:15 - https://www.atptour.com/en/players/francesco-maestrelli/m0if/overview
22-07-28 01:11:15 - https://www.atptour.com/en/players/mikhail-kukushkin/k926/overview
22-07-28 01:11:15 - https://www.atptour.com/en/players/renzo-olivo/o376/overview
22-07-28 01:11:15 - https://www.atptour.com/en/players/altug-celikbilek/ch05/overview
22-07-28 01:11:15 - https://www.atptour.com/en/players/evan-furness/fc26/overview
22-07-28 01:11:15 - https://www.atptour.com/en/players/lucas-pouille/pf39/overview
22-07-28 01:11:15 - https://www.atptour.com/en/players/pierre-hugues-herbert/h996/overview
22-07-28 01:11:15 - https://www.atptour.com/en/players/matheus-pucinelli-de-almeida/p0df/overview
22-07-28 01:11:15 - https://www.atptour.com/en/players/emilio-nava/n0am/overview
22-07-28 01:11:15 - https://www.atptour.com/en/players/daniel-dutra-da-silva/sg56/overview
22-07-28 01:11:15 - https://www.atptour.com/en/players/timofey-skatov/s0gr/overview
22-07-28 01:11:15 - https://www.atptour.com/en/players/damir-dzumhur/d923/overview
22-07-28 01:11:15 - https://www.atptour.com/en/players/nicolas-kicker/kc29/overview
22-07-28 01:11:15 - https://www.atptour.com/en/players/jonas-forejtek/f0bt/overview
22-07-28 01:11:15 - https://www.atptour.com/en/players/jesper-de-jong/d0c1/overview
22-07-28 01:11:15 - https://www.atptour.com/en/players/rinky-hijikata/h0bh/overview
22-07-28 01:11:15 - https://www.atptour.com/en/players/laurent-lokoli/lc12/overview
22-07-28 01:11:15 - https://www.atptour.com/en/players/pablo-cuevas/c882/overview
22-07-28 01:11:15 - https://www.atptour.com/en/players/gian-marco-moroni/mp83/overview
22-07-28 01:11:15 - https://www.atptour.com/en/players/facundo-diaz-acosta/d0cg/overview
22-07-28 01:11:15 - https://www.atptour.com/en/players/genaro-alberto-olivieri/o660/overview
22-07-28 01:11:15 - https://www.atptour.com/en/players/aleksandar-kovacevic/k0az/overview
22-07-28 01:11:15 - https://www.atptour.com/en/players/juan-bautista-torres/t0dm/overview
22-07-28 01:11:15 - https://www.atptour.com/en/players/ramkumar-ramanathan/rb56/overview
22-07-28 01:11:15 - https://www.atptour.com/en/players/enzo-couacaud/cg94/overview
22-07-28 01:11:15 - https://www.atptour.com/en/players/alessandro-giannessi/g983/overview
22-07-28 01:11:15 - https://www.atptour.com/en/players/matteo-arnaldi/a0fc/overview
22-07-28 01:11:15 - https://www.atptour.com/en/players/marco-trungelliti/ta29/overview
22-07-28 01:11:15 - https://www.atptour.com/en/players/miljan-zekic/z246/overview
22-07-28 01:11:15 - https://www.atptour.com/en/players/sebastian-ofner/o513/overview
22-07-28 01:11:15 - https://www.atptour.com/en/players/max-purcell/ph71/overview
22-07-28 01:11:15 - https://www.atptour.com/en/players/thomas-fabbiano/f586/overview
22-07-28 01:11:15 - https://www.atptour.com/en/players/yosuke-watanuki/wb08/overview
22-07-28 01:11:15 - https://www.atptour.com/en/players/lukas-klein/ki63/overview
22-07-28 01:11:15 - https://www.atptour.com/en/players/salvatore-caruso/ce25/overview
22-07-28 01:11:15 - https://www.atptour.com/en/players/jelle-sels/so20/overview
22-07-28 01:11:15 - https://www.atptour.com/en/players/mate-valkusz/va70/overview
22-07-28 01:11:15 - https://www.atptour.com/en/players/daniel-michalski/m0e1/overview
22-07-28 01:11:15 - https://www.atptour.com/en/players/nikolas-sanchez-izquierdo/s0gz/overview
22-07-28 01:11:15 - https://www.atptour.com/en/players/andrea-vavassori/va08/overview
22-07-28 01:11:15 - https://www.atptour.com/en/players/robin-haase/h756/overview
22-07-28 01:11:15 - https://www.atptour.com/en/players/pol-martin-tiffon/m0ea/overview
22-07-28 01:11:15 - https://www.atptour.com/en/players/cedrik-marcel-stebe/sk94/overview
22-07-28 01:11:15 - https://www.atptour.com/en/players/frederico-ferreira-silva/sn54/overview
22-07-28 01:11:15 - https://www.atptour.com/en/players/nicola-kuhn/ki74/overview
22-07-28 01:11:15 - https://www.atptour.com/en/players/mirza-basic/be67/overview
22-07-28 01:11:15 - https://www.atptour.com/en/players/evgeny-karlovskiy/kd87/overview
22-07-28 01:11:15 - https://www.atptour.com/en/players/michael-geerts/gg65/overview
22-07-28 01:11:15 - https://www.atptour.com/en/players/christian-harrison/hb05/overview
22-07-28 01:11:15 - https://www.atptour.com/en/players/fabian-marozsan/m0ci/overview
22-07-28 01:11:15 - https://www.atptour.com/en/players/gonzalo-lama/lb07/overview
22-07-28 01:11:15 - https://www.atptour.com/en/players/yasutaka-uchiyama/u134/overview
22-07-28 01:11:15 - https://www.atptour.com/en/players/philipp-kohlschreiber/k435/overview
22-07-28 01:11:15 - https://www.atptour.com/en/players/hamad-medjedovic/m0jf/overview
22-07-28 01:11:15 - https://www.atptour.com/en/players/lorenzo-giustino/ga79/overview
22-07-28 01:11:15 - https://www.atptour.com/en/players/johan-nikles/n830/overview
22-07-28 01:11:15 - https://www.atptour.com/en/players/federico-gaio/gb53/overview
22-07-28 01:11:15 - https://www.atptour.com/en/players/kacper-zuk/z09d/overview
22-07-28 01:11:15 - https://www.atptour.com/en/players/nicolas-alvarez-varona/a09u/overview
22-07-28 01:11:15 - https://www.atptour.com/en/players/vitaliy-sachko/ss25/overview
22-07-28 01:11:15 - https://www.atptour.com/en/players/roberto-quiroz/q941/overview
22-07-28 01:11:15 - https://www.atptour.com/en/players/feliciano-lopez/l397/overview
22-07-28 01:11:15 - https://www.atptour.com/en/players/li-tu/tc01/overview
22-07-28 01:11:15 - https://www.atptour.com/en/players/denis-yevseyev/y171/overview
22-07-28 01:11:15 - https://www.atptour.com/en/players/ergi-kirkin/ki48/overview
22-07-28 01:11:15 - https://www.atptour.com/en/players/nerman-fatic/f840/overview
22-07-28 01:11:15 - https://www.atptour.com/en/players/maxime-janvier/j620/overview
22-07-28 01:11:15 - https://www.atptour.com/en/players/matteo-gigante/g0gd/overview
22-07-28 01:11:15 - https://www.atptour.com/en/players/alastair-gray/g0ao/overview
22-07-28 01:11:15 - https://www.atptour.com/en/players/oleksii-krutykh/k0dp/overview
22-07-28 01:11:15 - https://www.atptour.com/en/players/duje-ajdukovic/a0cj/overview
22-07-28 01:11:15 - https://www.atptour.com/en/players/gonzalo-villanueva/v821/overview
22-07-28 01:11:15 - https://www.atptour.com/en/players/oriol-roca-batalla/rb60/overview
22-07-28 01:11:15 - https://www.atptour.com/en/players/louis-wessels/wb25/overview
22-07-28 01:11:15 - https://www.atptour.com/en/players/sam-querrey/q927/overview
22-07-28 01:11:15 - https://www.atptour.com/en/players/ben-shelton/s0s1/overview
22-07-28 01:11:15 - https://www.atptour.com/en/players/luca-van-assche/v0dz/overview
22-07-28 01:11:15 - https://www.atptour.com/en/players/aljaz-bedene/bh09/overview
22-07-28 01:11:15 - https://www.atptour.com/en/players/raul-brancaccio/bv24/overview
22-07-28 01:11:15 - https://www.atptour.com/en/players/igor-marcondes/rd48/overview
22-07-28 01:11:15 - https://www.atptour.com/en/players/hiroki-moriya/mi01/overview
22-07-28 01:11:15 - https://www.atptour.com/en/players/stan-wawrinka/w367/overview
22-07-28 01:11:15 - https://www.atptour.com/en/players/eduard-esteve-lobato/e830/overview
22-07-28 01:11:15 - https://www.atptour.com/en/players/leandro-riedi/r0fs/overview
22-07-28 01:11:15 - https://www.atptour.com/en/players/alexis-galarneau/gk06/overview
22-07-28 01:11:15 - https://www.atptour.com/en/players/henri-squire/s0ak/overview
22-07-28 01:11:15 - https://www.atptour.com/en/players/cem-ilkel/i306/overview
22-07-28 01:11:15 - https://www.atptour.com/en/players/javier-barranco-cosano/bv25/overview
22-07-28 01:11:15 - https://www.atptour.com/en/players/dan-added/a09t/overview
22-07-28 01:11:15 - https://www.atptour.com/en/players/otto-virtanen/v0am/overview
22-07-28 01:11:15 - https://www.atptour.com/en/players/mattia-bellucci/b0gg/overview
22-07-28 01:11:15 - https://www.atptour.com/en/players/alejandro-moro-canas/m0ht/overview
22-07-28 01:11:15 - https://www.atptour.com/en/players/nick-hardt/h0a4/overview
22-07-28 01:11:15 - https://www.atptour.com/en/players/alex-rybakov/rg42/overview
22-07-28 01:11:15 - https://www.atptour.com/en/players/andrey-kuznetsov/kb54/overview
22-07-28 01:11:15 - https://www.atptour.com/en/players/sebastian-fanselow/f664/overview
22-07-28 01:11:15 - https://www.atptour.com/en/players/joao-domingues/d985/overview
22-07-28 01:11:15 - https://www.atptour.com/en/players/calvin-hemery/hb48/overview
22-07-28 01:11:15 - https://www.atptour.com/en/players/harold-mayot/m0g4/overview
22-07-28 01:11:15 - https://www.atptour.com/en/players/nicolas-moreno-de-alboran/mw18/overview
22-07-28 01:11:15 - https://www.atptour.com/en/players/illya-marchenko/me89/overview
22-07-28 01:11:15 - https://www.atptour.com/en/players/gabriel-decamps/dg53/overview
22-07-28 01:11:15 - https://www.atptour.com/en/players/alexey-vatutin/v717/overview
22-07-28 01:11:15 - https://www.atptour.com/en/players/nicholas-david-ionel/i0a7/overview
22-07-28 01:11:15 - https://www.atptour.com/en/players/prajnesh-gunneswaran/ga94/overview
22-07-28 01:11:15 - https://www.atptour.com/en/players/lucas-miedler/mo55/overview
22-07-28 01:11:15 - https://www.atptour.com/en/players/evgeny-donskoy/d864/overview
22-07-28 01:11:15 - https://www.atptour.com/en/players/benjamin-hassan/hg94/overview
22-07-28 01:11:15 - https://www.atptour.com/en/players/nicolas-alvarez/ac58/overview
22-07-28 01:11:15 - https://www.atptour.com/en/players/ivan-gakhov/ge28/overview
22-07-28 01:11:15 - https://www.atptour.com/en/players/skander-mansouri/ml73/overview
22-07-28 01:11:15 - https://www.atptour.com/en/players/julian-lenz/lb51/overview
22-07-28 01:11:15 - https://www.atptour.com/en/players/mathias-bourgue/bk19/overview
22-07-28 01:11:15 - https://www.atptour.com/en/players/billy-harris/hd68/overview
22-07-28 01:11:15 - https://www.atptour.com/en/players/lukas-lacko/l797/overview
22-07-28 01:11:15 - https://www.atptour.com/en/players/hernan-casanova/cg07/overview
22-07-28 01:11:15 - https://www.atptour.com/en/players/viktor-durasovic/dc76/overview
22-07-28 01:11:15 - https://www.atptour.com/en/players/brandon-holt/h09p/overview
22-07-28 01:11:15 - https://www.atptour.com/en/players/nicolas-mejia/m0aw/overview
22-07-28 01:11:15 - https://www.atptour.com/en/players/marius-copil/ca99/overview
22-07-28 01:11:15 - https://www.atptour.com/en/players/pedro-boscardin-dias/b0fi/overview
22-07-28 01:11:15 - https://www.atptour.com/en/players/dragos-nicolae-madaras/mw54/overview
22-07-28 01:11:15 - https://www.atptour.com/en/players/filip-cristian-jianu/j09x/overview
22-07-28 01:11:15 - https://www.atptour.com/en/players/lukas-rosol/r685/overview
22-07-28 01:11:15 - https://www.atptour.com/en/players/aidan-mchugh/m0cw/overview
22-07-28 01:11:15 - https://www.atptour.com/en/players/orlando-luz/lf26/overview
22-07-28 01:11:15 - https://www.atptour.com/en/players/ulises-blanch/bv27/overview
22-07-28 01:11:15 - https://www.atptour.com/en/players/malek-jaziri/j267/overview
22-07-28 01:11:15 - https://www.atptour.com/en/players/roman-andres-burruchaga/b0fv/overview
22-07-28 01:11:15 - https://www.atptour.com/en/players/yshai-oliel/o674/overview
22-07-28 01:11:15 - https://www.atptour.com/en/players/lukas-neumayer/n0cs/overview
22-07-28 01:11:15 - https://www.atptour.com/en/players/facundo-juarez/j737/overview
22-07-28 01:11:15 - https://www.atptour.com/en/players/jason-jung/j380/overview
22-07-28 01:11:15 - https://www.atptour.com/en/players/kimmer-coppejans/cg33/overview
22-07-28 01:11:15 - https://www.atptour.com/en/players/oliver-crawford/c0ak/overview
22-07-28 01:11:15 - https://www.atptour.com/en/players/zachary-svajda/s0k7/overview
22-07-28 01:11:15 - https://www.atptour.com/en/players/yu-hsiou-hsu/h09f/overview
22-07-28 01:11:15 - https://www.atptour.com/en/players/tennys-sandgren/sl08/overview
22-07-28 01:11:15 - https://www.atptour.com/en/players/sho-shimabukuro/sy67/overview
22-07-28 01:11:15 - https://www.atptour.com/en/players/alibek-kachmazov/k0e6/overview
22-07-28 01:11:15 - https://www.atptour.com/en/players/juncheng--shang/s0re/overview
22-07-28 01:11:15 - https://www.atptour.com/en/players/arthur-fils/f0f1/overview
22-07-28 01:11:15 - https://www.atptour.com/en/players/sergey-fomin/f0a3/overview
22-07-28 01:11:15 - https://www.atptour.com/en/players/ugo-blanchet/bv16/overview
22-07-28 01:11:15 - https://www.atptour.com/en/players/nicolas-barrientos/bc76/overview
22-07-28 01:11:15 - https://www.atptour.com/en/players/adrian-andreev/a0ab/overview
22-07-28 01:11:15 - https://www.atptour.com/en/players/aziz-dougaz/df88/overview
22-07-28 01:11:15 - https://www.atptour.com/en/players/shintaro-mochizuki/m0hu/overview
22-07-28 01:11:15 - https://www.atptour.com/en/players/oleg-prihodko/pl64/overview
22-07-28 01:11:15 - https://www.atptour.com/en/players/hady-habib/hf80/overview
22-07-28 01:11:15 - https://www.atptour.com/en/players/mats-rosenkranz/rh62/overview
22-07-28 01:11:15 - https://www.atptour.com/en/players/keegan-smith/s0dq/overview
22-07-28 01:11:15 - https://www.atptour.com/en/players/mariano-navone/n0bs/overview
22-07-28 01:11:15 - https://www.atptour.com/en/players/clement-tabur/t09x/overview
22-07-28 01:11:15 - https://www.atptour.com/en/players/kenny-de-schepper/d750/overview
22-07-28 01:11:15 - https://www.atptour.com/en/players/akira-santillan/sq80/overview
22-07-28 01:11:15 - https://www.atptour.com/en/players/gilbert-klier-junior/k0cz/overview
22-07-28 01:11:15 - https://www.atptour.com/en/players/aldin-setkic/sf41/overview
22-07-28 01:11:15 - https://www.atptour.com/en/players/thiago-seyboth-wild/sx91/overview
22-07-28 01:11:15 - https://www.atptour.com/en/players/ernests-gulbis/g858/overview
22-07-28 01:11:15 - https://www.atptour.com/en/players/nam-hoang-ly/ld22/overview
22-07-28 01:11:15 - https://www.atptour.com/en/players/joris-de-loore/da86/overview
22-07-28 01:11:15 - https://www.atptour.com/en/players/raphael-collignon/c0jp/overview
22-07-28 01:11:15 - https://www.atptour.com/en/players/go-soeda/sc47/overview
22-07-28 01:11:15 - https://www.atptour.com/en/players/carlos-gimeno-valero/g0av/overview
22-07-28 01:11:15 - https://www.atptour.com/en/players/andrey-chepelev/co01/overview
22-07-28 01:11:15 - https://www.atptour.com/en/players/evan-zhu/z09k/overview
22-07-28 01:11:15 - https://www.atptour.com/en/players/alexandar-lazarov/li39/overview
22-07-28 01:11:15 - https://www.atptour.com/en/players/oscar-jose-gutierrez/gc17/overview
22-07-28 01:11:15 - https://www.atptour.com/en/players/dane-sweeny/s0ia/overview
22-07-28 01:11:15 - https://www.atptour.com/en/players/goncalo-oliveira/o482/overview
22-07-28 01:11:15 - https://www.atptour.com/en/players/maximilian-neuchrist/n663/overview
22-07-28 01:11:15 - https://www.atptour.com/en/players/michail-pervolarakis/pm13/overview
22-07-28 01:11:15 - https://www.atptour.com/en/players/lucas-gerch/gf23/overview
22-07-28 01:11:15 - https://www.atptour.com/en/players/valentin-royer/r0eb/overview
22-07-28 01:11:15 - https://www.atptour.com/en/players/bu-yunchaokete/y09v/overview
22-07-28 01:11:15 - https://www.atptour.com/en/players/alexis-gautier/gj05/overview
22-07-28 01:11:15 - https://www.atptour.com/en/players/matteo-martineau/mw76/overview
22-07-28 01:11:15 - https://www.atptour.com/en/players/marek-gengel/g09c/overview
22-07-28 01:11:15 - https://www.atptour.com/en/players/murkel-dellien/dc48/overview
22-07-28 01:11:15 - https://www.atptour.com/en/players/elmar-ejupovic/e811/overview
22-07-28 01:11:15 - https://www.atptour.com/en/players/samuel-vincent-ruggeri/v0di/overview
22-07-28 01:11:15 - https://www.atptour.com/en/players/omar-jasika/j553/overview
22-07-28 01:11:15 - https://www.atptour.com/en/players/yuichi-sugita/se73/overview
22-07-28 01:11:15 - https://www.atptour.com/en/players/brayden-schnur/sp24/overview
22-07-28 01:11:15 - https://www.atptour.com/en/players/jose-pereira/pc09/overview
22-07-28 01:11:15 - https://www.atptour.com/en/players/moez-echargui/ea13/overview
22-07-28 01:11:15 - https://www.atptour.com/en/players/alex-marti-pujolras/m0ey/overview
22-07-28 01:11:15 - https://www.atptour.com/en/players/beibit-zhukayev/z09z/overview
22-07-28 01:11:15 - https://www.atptour.com/en/players/edoardo-lavagno/li03/overview
22-07-28 01:11:15 - https://www.atptour.com/en/players/georgii-kravchenko/k0bj/overview
22-07-28 01:11:15 - https://www.atptour.com/en/players/terence-atmane/a0gc/overview
22-07-28 01:11:15 - https://www.atptour.com/en/players/arthur-cazaux/c0h0/overview
22-07-28 01:11:15 - https://www.atptour.com/en/players/yunseong-chung/ch90/overview
22-07-28 01:11:15 - https://www.atptour.com/en/players/martin-cuevas/cc98/overview
22-07-28 01:11:15 - https://www.atptour.com/en/players/david-poljak/ph77/overview
22-07-28 01:11:15 - https://www.atptour.com/en/players/timo-stodder/s0ar/overview
22-07-28 01:11:15 - https://www.atptour.com/en/players/mateus-alves/d0ar/overview
22-07-28 01:11:15 - https://www.atptour.com/en/players/michael-vrbensky/v0b2/overview
22-07-28 01:11:15 - https://www.atptour.com/en/players/carlos-sanchez-jover/s0cg/overview
22-07-28 01:11:15 - https://www.atptour.com/en/players/ruben-bemelmans/be54/overview
22-07-28 01:11:15 - https://www.atptour.com/en/players/tobias-kamke/k839/overview
22-07-28 01:11:15 - https://www.atptour.com/en/players/alberto-barroso-campos/bu36/overview
22-07-28 01:11:15 - https://www.atptour.com/en/players/alejo-lorenzo-lingua-lavallen/l0dm/overview
22-07-28 01:11:15 - https://www.atptour.com/en/players/matias-zukas/z366/overview
22-07-28 01:11:15 - https://www.atptour.com/en/players/adrian-menendez-maceiras/mb53/overview
22-07-28 01:11:15 - https://www.atptour.com/en/players/gustavo-heide/h0du/overview
22-07-28 01:11:15 - https://www.atptour.com/en/players/gauthier-onclin/o0a2/overview
22-07-28 01:11:15 - https://www.atptour.com/en/players/andrew-paulson/p0ev/overview
22-07-28 01:11:15 - https://www.atptour.com/en/players/matthias-bachinger/bc65/overview
22-07-28 01:11:15 - https://www.atptour.com/en/players/charles-broom/bv21/overview
22-07-28 01:11:15 - https://www.atptour.com/en/players/rio-noguchi/n09u/overview
22-07-28 01:11:15 - https://www.atptour.com/en/players/benjamin-lock/lc54/overview
22-07-28 01:11:15 - https://www.atptour.com/en/players/evgenii-tiurnev/td47/overview
22-07-28 01:11:15 - https://www.atptour.com/en/players/steven-diez/d916/overview
22-07-28 01:11:15 - https://www.atptour.com/en/players/cristian-rodriguez/r913/overview
22-07-28 01:11:15 - https://www.atptour.com/en/players/khumoyun-sultanov/sr81/overview
22-07-28 01:11:15 - https://www.atptour.com/en/players/stefan-palosi/p0cy/overview
22-07-28 01:11:15 - https://www.atptour.com/en/players/daniel-cukierman/cl82/overview
22-07-28 01:11:15 - https://www.atptour.com/en/players/mukund-sasikumar/mp13/overview
22-07-28 01:11:15 - https://www.atptour.com/en/players/cezar-cretu/c0b2/overview
22-07-28 01:11:15 - https://www.atptour.com/en/players/martin-krumich/k0fy/overview
22-07-28 01:11:15 - https://www.atptour.com/en/players/juan-pablo-paz/pg69/overview
22-07-28 01:11:15 - https://www.atptour.com/en/players/damien-wenger/w09b/overview
22-07-28 01:11:15 - https://www.atptour.com/en/players/carlos-lopez-montagud/l0c1/overview
22-07-28 01:11:15 - https://www.atptour.com/en/players/alexander-weis/wb19/overview
22-07-28 01:11:15 - https://www.atptour.com/en/players/valentin-vacherot/va25/overview
22-07-28 01:11:15 - https://www.atptour.com/en/players/pedja-krstin/kd70/overview
22-07-28 01:11:15 - https://www.atptour.com/en/players/giovanni-oradini/o639/overview
22-07-28 01:11:15 - https://www.atptour.com/en/players/giovanni-fonio/fc49/overview
22-07-28 01:11:15 - https://www.atptour.com/en/players/filip-peliwo/pf65/overview
22-07-28 01:11:15 - https://www.atptour.com/en/players/pedro-sousa/s483/overview
22-07-28 01:11:15 - https://www.atptour.com/en/players/denis-istomin/i165/overview
22-07-28 01:11:15 - https://www.atptour.com/en/players/marc-polmans/pg94/overview
22-07-28 01:11:15 - https://www.atptour.com/en/players/mathys-erhard/e0ac/overview
22-07-28 01:11:15 - https://www.atptour.com/en/players/tristan-schoolkate/s0n0/overview
22-07-28 01:11:15 - https://www.atptour.com/en/players/tristan-lamasine/lc11/overview
22-07-28 01:11:15 - https://www.atptour.com/en/players/gergely-madarasz/mo76/overview
22-07-28 01:11:15 - https://www.atptour.com/en/players/matthieu-perchicot/pl53/overview
22-07-28 01:11:15 - https://www.atptour.com/en/players/james-mccabe/m0oq/overview
22-07-28 01:11:15 - https://www.atptour.com/en/players/rudolf-molleker/m0ac/overview
22-07-28 01:11:15 - https://www.atptour.com/en/players/kyle-seelig/sz28/overview
22-07-28 01:11:15 - https://www.atptour.com/en/players/yan-bondarevskiy/bv19/overview
22-07-28 01:11:15 - https://www.atptour.com/en/players/elliot-benchetrit/bt68/overview
22-07-28 01:11:15 - https://www.atptour.com/en/players/yanki-erel/e0aa/overview
22-07-28 01:11:15 - https://www.atptour.com/en/players/christopher-heyman/hb67/overview
22-07-28 01:11:15 - https://www.atptour.com/en/players/daniel-rincon/r0fp/overview
22-07-28 01:11:15 - https://www.atptour.com/en/players/govind-nanda/n0al/overview
22-07-28 01:11:15 - https://www.atptour.com/en/players/felix-gill/g0eu/overview
22-07-28 01:11:15 - https://www.atptour.com/en/players/arklon-huertas-del-pino-cordova/h0c9/overview
22-07-28 01:11:15 - https://www.atptour.com/en/players/jc-aragone/ab71/overview
22-07-28 01:11:15 - https://www.atptour.com/en/players/pawel-cias/cf60/overview
22-07-28 01:11:15 - https://www.atptour.com/en/players/remy-bertola/bu70/overview
22-07-28 01:11:15 - https://www.atptour.com/en/players/christian-langmo/li10/overview
22-07-28 01:11:15 - https://www.atptour.com/en/players/antoine-hoang/ha71/overview
22-07-28 01:11:15 - https://www.atptour.com/en/players/francesco-forti/f0a4/overview
22-07-28 01:11:15 - https://www.atptour.com/en/players/matias-franco-descotte/db93/overview
22-07-28 01:11:15 - https://www.atptour.com/en/players/vladyslav-orlov/o659/overview
22-07-28 01:11:15 - https://www.atptour.com/en/players/alvaro-lopez-san-martin/lf29/overview
22-07-28 01:11:15 - https://www.atptour.com/en/players/jakub-paul/p0d0/overview
22-07-28 01:11:15 - https://www.atptour.com/en/players/stuart-parker/p0bk/overview
22-07-28 01:11:15 - https://www.atptour.com/en/players/bogdan-bobrov/bm05/overview
22-07-28 01:11:15 - https://www.atptour.com/en/players/gage-brymer/bp44/overview
22-07-28 01:11:15 - https://www.atptour.com/en/players/shintaro-imai/i330/overview
22-07-28 01:11:15 - https://www.atptour.com/en/players/marvin-moeller/m0bn/overview
22-07-28 01:11:15 - https://www.atptour.com/en/players/luca-potenza/p0b2/overview
22-07-28 01:11:15 - https://www.atptour.com/en/players/daniel-cox/cb14/overview
22-07-28 01:11:15 - https://www.atptour.com/en/players/naoki-nakagawa/n707/overview
22-07-28 01:11:15 - https://www.atptour.com/en/players/martin-damm/d0dt/overview
22-07-28 01:11:15 - https://www.atptour.com/en/players/sascha-gueymard-wayenburg/g0gw/overview
22-07-28 01:11:15 - https://www.atptour.com/en/players/titouan-droguet/d0dw/overview
22-07-28 01:11:15 - https://www.atptour.com/en/players/jonathan-mridha/mm78/overview
22-07-28 01:11:15 - https://www.atptour.com/en/players/dominik-palan/p0e9/overview
22-07-28 01:11:15 - https://www.atptour.com/en/players/tatsuma-ito/i230/overview
22-07-28 01:11:15 - https://www.atptour.com/en/players/mikael-torpegaard/tc12/overview
22-07-28 01:11:15 - https://www.atptour.com/en/players/alejandro-gonzalez/g892/overview
22-07-28 01:11:15 - https://www.atptour.com/en/players/joao-lucas-reis-da-silva/r0a7/overview
22-07-28 01:11:15 - https://www.atptour.com/en/players/riccardo-balzerani/bv17/overview
22-07-28 01:11:15 - https://www.atptour.com/en/players/oleksandr-ovcharenko/o0be/overview
22-07-28 01:11:15 - https://www.atptour.com/en/players/omni-kumar/k0ee/overview
22-07-28 01:11:15 - https://www.atptour.com/en/players/teymuraz-gabashvili/g681/overview
22-07-28 01:11:15 - https://www.atptour.com/en/players/jisung-nam/n652/overview
22-07-28 01:11:15 - https://www.atptour.com/en/players/kyrian-jacquet/j0az/overview
22-07-28 01:11:15 - https://www.atptour.com/en/players/guy-den-ouden/d0h9/overview
22-07-28 01:11:15 - https://www.atptour.com/en/players/clement-chidekh/c0bh/overview
22-07-28 01:11:15 - https://www.atptour.com/en/players/seong-chan-hong/hc21/overview
22-07-28 01:11:15 - https://www.atptour.com/en/players/henry-patten/p0g6/overview
22-07-28 01:11:15 - https://www.atptour.com/en/players/lucas-catarina/cn78/overview
22-07-28 01:11:15 - https://www.atptour.com/en/players/jerome-kym/k0ep/overview
22-07-28 01:11:15 - https://www.atptour.com/en/players/konstantin-kravchuk/k776/overview
22-07-28 01:11:15 - https://www.atptour.com/en/players/kyle-edmund/e831/overview
22-07-28 01:11:15 - https://www.atptour.com/en/players/ben-patael/fb18/overview
22-07-28 01:11:15 - https://www.atptour.com/en/players/wilson-leite/la54/overview
22-07-28 01:11:15 - https://www.atptour.com/en/players/hyeon-chung/ch27/overview
22-07-28 01:11:15 - https://www.atptour.com/en/players/pablo-llamas-ruiz/l0cx/overview
22-07-28 01:11:15 - https://www.atptour.com/en/players/liam-draxl/d0dp/overview
22-07-28 01:11:15 - https://www.atptour.com/en/players/marko-topo/t0fi/overview
22-07-28 01:11:15 - https://www.atptour.com/en/players/giovanni-mpetshi-perricard/m0gz/overview
22-07-28 01:11:15 - https://www.atptour.com/en/players/nick-chappell/cf10/overview
22-07-28 01:11:15 - https://www.atptour.com/en/players/quentin-folliot/fc39/overview
22-07-28 01:11:15 - https://www.atptour.com/en/players/matteo-viola/v490/overview
22-07-28 01:11:15 - https://www.atptour.com/en/players/ignacio-monzon/mv75/overview
22-07-28 01:11:15 - https://www.atptour.com/en/players/blaz-rola/ra51/overview
22-07-28 01:11:15 - https://www.atptour.com/en/players/jack-pinnington-jones/p0ht/overview
22-07-28 01:11:15 - https://www.atptour.com/en/players/roberto-marcora/mj01/overview
22-07-28 01:11:15 - https://www.atptour.com/en/players/timo-legout/l0er/overview
22-07-28 01:11:15 - https://www.atptour.com/en/players/gianmarco-ferrari/f0cj/overview
22-07-28 01:11:15 - https://www.atptour.com/en/players/filippo-baldi/bm03/overview
22-07-28 01:11:15 - https://www.atptour.com/en/players/peter-fajta/f0dp/overview
22-07-28 01:11:15 - https://www.atptour.com/en/players/felix-corwin/cn15/overview
22-07-28 01:11:15 - https://www.atptour.com/en/players/arjun-kadhe/kd43/overview
22-07-28 01:11:15 - https://www.atptour.com/en/players/sean-cuenin/c0jx/overview
22-07-28 01:11:15 - https://www.atptour.com/en/players/dayne-kelly/ka22/overview
22-07-28 01:11:15 - https://www.atptour.com/en/players/vasil-kirkov/k0a4/overview
22-07-28 01:11:15 - https://www.atptour.com/en/players/noah-rubin/rc96/overview
22-07-28 01:11:15 - https://www.atptour.com/en/players/jurgen-briand/b0ay/overview
22-07-28 01:11:15 - https://www.atptour.com/en/players/jaimee-floyd-angele/a0b6/overview
22-07-28 01:11:15 - https://www.atptour.com/en/players/conner-huertas-del-pino/hg90/overview
22-07-28 01:11:15 - https://www.atptour.com/en/players/ezekiel-clark/co07/overview
22-07-28 01:11:15 - https://www.atptour.com/en/players/carlos-gomez-herrera/g985/overview
22-07-28 01:11:15 - https://www.atptour.com/en/players/yuta-shimizu/s0aq/overview
22-07-28 01:11:15 - https://www.atptour.com/en/players/jose-fco.-vidal-azorin/v846/overview
22-07-28 01:11:15 - https://www.atptour.com/en/players/johannes-haerteis/hb31/overview
22-07-28 01:11:15 - https://www.atptour.com/en/players/tim-handel/h0eh/overview
22-07-28 01:11:15 - https://www.atptour.com/en/players/strong-kirchheimer/kg27/overview
22-07-28 01:11:15 - https://www.atptour.com/en/players/alex-hernandez/h0cd/overview
22-07-28 01:11:15 - https://www.atptour.com/en/players/pedro-sakamoto/sl94/overview
22-07-28 01:11:15 - https://www.atptour.com/en/players/peter-heller/ha33/overview
22-07-28 01:11:15 - https://www.atptour.com/en/players/renta-tokuda/td55/overview
22-07-28 01:11:15 - https://www.atptour.com/en/players/daniel-merida/m0n7/overview
22-07-28 01:11:15 - https://www.atptour.com/en/players/miguel-damas/d0cn/overview
22-07-28 01:11:15 - https://www.atptour.com/en/players/hanwen-li/l0fw/overview
22-07-28 01:11:15 - https://www.atptour.com/en/players/mili-poljicak/p0gq/overview
22-07-28 01:11:15 - https://www.atptour.com/en/players/inaki-montes-de-la-torre/m0nl/overview
22-07-28 01:11:15 - https://www.atptour.com/en/players/sekou-bangoura/bh02/overview
22-07-28 01:11:15 - https://www.atptour.com/en/players/eric-vanshelboim/v0d4/overview
22-07-28 01:11:15 - https://www.atptour.com/en/players/sergiy-stakhovsky/sc77/overview
22-07-28 01:11:15 - https://www.atptour.com/en/players/alex-bolt/bi81/overview
22-07-28 01:11:15 - https://www.atptour.com/en/players/rubin-statham/sf89/overview
22-07-28 01:11:15 - https://www.atptour.com/en/players/paolo-lorenzi/l503/overview
22-07-28 01:11:15 - https://www.atptour.com/en/players/mario-vilella-martinez/v824/overview
22-07-28 01:11:15 - https://www.atptour.com/en/players/thai-son-kwiatkowski/kd35/overview
22-07-28 01:11:15 - https://www.atptour.com/en/players/corentin-denolly/df92/overview
22-07-28 01:11:15 - https://www.atptour.com/en/players/juan-bautista-otegui/o09s/overview
22-07-28 01:11:15 - https://www.atptour.com/en/players/valerio-aboian/a0g7/overview
22-07-28 01:11:15 - https://www.atptour.com/en/players/ivo-karlovic/k336/overview
22-07-28 01:11:15 - https://www.atptour.com/en/players/alexander-erler/e928/overview
22-07-28 01:11:15 - https://www.atptour.com/en/players/roberto-cid-subervi/cf88/overview
22-07-28 01:11:15 - https://www.atptour.com/en/players/daniele-capecchi/ch19/overview
22-07-28 01:11:15 - https://www.atptour.com/en/players/edan-leshem/ld26/overview
22-07-28 01:11:15 - https://www.atptour.com/en/players/nicolae-frunza/f952/overview
22-07-28 01:11:15 - https://www.atptour.com/en/players/imanol-lopez-morillo/l0at/overview
22-07-28 01:11:15 - https://www.atptour.com/en/players/simone-roncalli/re27/overview
22-07-28 01:11:15 - https://www.atptour.com/en/players/sebastian-prechtel/pl38/overview
22-07-28 01:11:15 - https://www.atptour.com/en/players/robin-bertrand/b0jj/overview
22-07-28 01:11:15 - https://www.atptour.com/en/players/sumit-nagal/n897/overview
22-07-28 01:11:15 - https://www.atptour.com/en/players/jan-choinski/ch12/overview
22-07-28 01:11:15 - https://www.atptour.com/en/players/sidharth-rawat/rb86/overview
22-07-28 01:11:15 - https://www.atptour.com/en/players/duarte-vale/va15/overview
22-07-28 01:11:15 - https://www.atptour.com/en/players/peter-bertran/bp79/overview
22-07-28 01:11:15 - https://www.atptour.com/en/players/yuki-bhambri/bf55/overview
22-07-28 01:11:15 - https://www.atptour.com/en/players/gabi-adrian-boitan/b0c0/overview
22-07-28 01:11:15 - https://www.atptour.com/en/players/alexander-donski/dh46/overview
22-07-28 01:11:15 - https://www.atptour.com/en/players/pedro-araujo/a0es/overview
22-07-28 01:11:15 - https://www.atptour.com/en/players/bogdan-ionut-apostol/ab90/overview
22-07-28 01:11:15 - https://www.atptour.com/en/players/stefano-napolitano/n679/overview
22-07-28 01:11:15 - https://www.atptour.com/en/players/milos-raonic/r975/overview
22-07-28 01:11:15 - https://www.atptour.com/en/players/markus-eriksson/e688/overview
22-07-28 01:11:15 - https://www.atptour.com/en/players/duckhee-lee/le01/overview
22-07-28 01:11:15 - https://www.atptour.com/en/players/jeremy-jahn/j400/overview
22-07-28 01:11:15 - https://www.atptour.com/en/players/arthur-reymond/rh50/overview
22-07-28 01:11:15 - https://www.atptour.com/en/players/sebastian-gima/g0eq/overview
22-07-28 01:11:15 - https://www.atptour.com/en/players/shuichi-sekiguchi/sl92/overview
22-07-28 01:11:15 - https://www.atptour.com/en/players/franco-emanuel-egea/e858/overview
22-07-28 01:11:15 - https://www.atptour.com/en/players/lukas-krainer/k0bd/overview
22-07-28 01:11:15 - https://www.atptour.com/en/players/joao-menezes/mn70/overview
22-07-28 01:11:15 - https://www.atptour.com/en/players/philip-sekulic/s0ti/overview
22-07-28 01:11:15 - https://www.atptour.com/en/players/ivan-nedelko/n561/overview
22-07-28 01:11:15 - https://www.atptour.com/en/players/federico-iannaccone/i09n/overview
22-07-28 01:11:15 - https://www.atptour.com/en/players/juan-sebastian-gomez/gb41/overview
22-07-28 01:11:15 - https://www.atptour.com/en/players/kai-wehnelt/w712/overview
22-07-28 01:11:15 - https://www.atptour.com/en/players/august-holmgren/h09n/overview
22-07-28 01:11:15 - https://www.atptour.com/en/players/alejandro-gomez/gb42/overview
22-07-28 01:11:15 - https://www.atptour.com/en/players/tomas-lipovsek-puches/lc58/overview
22-07-28 01:11:15 - https://www.atptour.com/en/players/pavel-nejedly/n824/overview
22-07-28 01:11:15 - https://www.atptour.com/en/players/nathan-ponwith/ph67/overview
22-07-28 01:11:15 - https://www.atptour.com/en/players/marco-miceli/m0cd/overview
22-07-28 01:11:15 - https://www.atptour.com/en/players/simon-carr/co11/overview
22-07-28 01:11:15 - https://www.atptour.com/en/players/mirko-martinez/mw39/overview
22-07-28 01:11:15 - https://www.atptour.com/en/players/mark-whitehouse/w716/overview
22-07-28 01:11:15 - https://www.atptour.com/en/players/viacheslav-bielinskyi/b0ll/overview
22-07-28 01:11:15 - https://www.atptour.com/en/players/anton-matusevich/m0fa/overview
22-07-28 01:11:15 - https://www.atptour.com/en/players/alfredo-perez/pl39/overview
22-07-28 01:11:15 - https://www.atptour.com/en/players/matthew-ebden/e690/overview
22-07-28 01:11:15 - https://www.atptour.com/en/players/cannon-kingsley/k0db/overview
22-07-28 01:11:15 - https://www.atptour.com/en/players/rimpei-kawakami/k0bh/overview
22-07-28 01:11:15 - https://www.atptour.com/en/players/zhe-li/l733/overview
22-07-28 01:11:15 - https://www.atptour.com/en/players/maks-kasnikowski/k0hc/overview
22-07-28 01:11:15 - https://www.atptour.com/en/players/makoto-ochi/o664/overview
22-07-28 01:11:15 - https://www.atptour.com/en/players/manish-sureshkumar/sy74/overview
22-07-28 01:11:15 - https://www.atptour.com/en/players/khololwam-montsi/m0fn/overview
22-07-28 01:11:15 - https://www.atptour.com/en/players/yuki-mochizuki/m0b2/overview
22-07-28 01:11:15 - https://www.atptour.com/en/players/colin-sinclair/sq79/overview
22-07-28 01:11:15 - https://www.atptour.com/en/players/aleksandre-metreveli/mn23/overview
22-07-28 01:11:15 - https://www.atptour.com/en/players/robert-strombachs/s0gv/overview
22-07-28 01:11:15 - https://www.atptour.com/en/players/hazem-naw/n0bk/overview
22-07-28 01:11:15 - https://www.atptour.com/en/players/david-pichler/pi95/overview
22-07-28 01:11:15 - https://www.atptour.com/en/players/calin-manda/mo35/overview
22-07-28 01:11:15 - https://www.atptour.com/en/players/john-mcnally/mw84/overview
22-07-28 01:11:15 - https://www.atptour.com/en/players/oscar-weightman/w0ax/overview
22-07-28 01:11:15 - https://www.atptour.com/en/players/marco-brugnerotto/bo07/overview
22-07-28 01:11:15 - https://www.atptour.com/en/players/giles-hussey/h0dc/overview
22-07-28 01:11:15 - https://www.atptour.com/en/players/arnaud-bovy/b0gb/overview
22-07-28 01:11:15 - https://www.atptour.com/en/players/bernard-tomic/ta46/overview
22-07-28 01:11:15 - https://www.atptour.com/en/players/eliot-spizzirri/s0ja/overview
22-07-28 01:11:15 - https://www.atptour.com/en/players/jules-marie/mk26/overview
22-07-28 01:11:15 - https://www.atptour.com/en/players/kasidit-samrej/s0hr/overview
22-07-28 01:11:15 - https://www.atptour.com/en/players/andrew-harris/hb29/overview
22-07-28 01:11:15 - https://www.atptour.com/en/players/max-houkes/h0cx/overview
22-07-28 01:11:15 - https://www.atptour.com/en/players/roy-smith/s0dh/overview
22-07-28 01:11:15 - https://www.atptour.com/en/players/jorge-panta/pg56/overview
22-07-28 01:11:15 - https://www.atptour.com/en/players/leonardo-aboian/ag57/overview
22-07-28 01:11:15 - https://www.atptour.com/en/players/ethan-quinn/q02l/overview
22-07-28 01:11:15 - https://www.atptour.com/en/players/manuel-mazza/m0en/overview
22-07-28 01:11:15 - https://www.atptour.com/en/players/mateo-nicolas-martinez/ml59/overview
22-07-28 01:11:15 - https://www.atptour.com/en/players/tomas-farjat/f0bv/overview
22-07-28 01:11:15 - https://www.atptour.com/en/players/duje-kekez/kd14/overview
22-07-28 01:11:15 - https://www.atptour.com/en/players/adria-soriano-barrera/s0bt/overview
22-07-28 01:11:15 - https://www.atptour.com/en/players/uladzimir-ignatik/i236/overview
22-07-28 01:11:15 - https://www.atptour.com/en/players/mark-lajal/l0gh/overview
22-07-28 01:11:15 - https://www.atptour.com/en/players/benjamin-winter-lopez/w09x/overview
22-07-28 01:11:15 - https://www.atptour.com/en/players/dominik-boehler/bt42/overview
22-07-28 01:11:15 - https://www.atptour.com/en/players/ignacio-carou/c09g/overview
22-07-28 01:11:15 - https://www.atptour.com/en/players/savriyan-danilov/d0cf/overview
22-07-28 01:11:15 - https://www.atptour.com/en/players/luigi-sorrentino/s0ba/overview
22-07-28 01:11:15 - https://www.atptour.com/en/players/oscar-moraing/m0es/overview
22-07-28 01:11:15 - https://www.atptour.com/en/players/attila-balazs/bd80/overview
22-07-28 01:11:15 - https://www.atptour.com/en/players/darian-king/kc86/overview
22-07-28 01:11:15 - https://www.atptour.com/en/players/jeremy-beale/bu34/overview
22-07-28 01:11:15 - https://www.atptour.com/en/players/petros-chrysochos/ch73/overview
22-07-28 01:11:15 - https://www.atptour.com/en/players/donald-young/y124/overview
22-07-28 01:11:15 - https://www.atptour.com/en/players/ryota-tanuma/tg46/overview
22-07-28 01:11:15 - https://www.atptour.com/en/players/federico-agustin-gomez/gj16/overview
22-07-28 01:11:15 - https://www.atptour.com/en/players/thomas-fancutt/fa50/overview
22-07-28 01:11:15 - https://www.atptour.com/en/players/harry-wendelken/w0ah/overview
22-07-28 01:11:15 - https://www.atptour.com/en/players/karl-friberg/f09j/overview
22-07-28 01:11:15 - https://www.atptour.com/en/players/andrea-basso/bh80/overview
22-07-28 01:11:15 - https://www.atptour.com/en/players/tiago-cacao/cn88/overview
22-07-28 01:11:15 - https://www.atptour.com/en/players/william-blumberg/bt45/overview
22-07-28 01:11:15 - https://www.atptour.com/en/players/moerani-bouzige/b0ek/overview
22-07-28 01:11:15 - https://www.atptour.com/en/players/giorgio-tabacco/t0fk/overview
22-07-28 01:11:15 - https://www.atptour.com/en/players/tobias-simon/sk51/overview
22-07-28 01:11:15 - https://www.atptour.com/en/players/lorenzo-bocchi/b0am/overview
22-07-28 01:11:15 - https://www.atptour.com/en/players/mick-veldheer/va27/overview
22-07-28 01:11:15 - https://www.atptour.com/en/players/saba-purtseladze/p0ea/overview
22-07-28 01:11:15 - https://www.atptour.com/en/players/francesco-vilardo/v656/overview
22-07-28 01:11:15 - https://www.atptour.com/en/players/fermin-tenti/t0af/overview
22-07-28 01:11:15 - https://www.atptour.com/en/players/yan-bai/be69/overview
22-07-28 01:11:15 - https://www.atptour.com/en/players/peter-polansky/pb22/overview
22-07-28 01:11:15 - https://www.atptour.com/en/players/bastian-malla/mm24/overview
22-07-28 01:11:15 - https://www.atptour.com/en/players/patrick-kypson/k0a3/overview
22-07-28 01:11:15 - https://www.atptour.com/en/players/matyas-fuele/f09u/overview
22-07-28 01:11:15 - https://www.atptour.com/en/players/petr-nouza/n974/overview
22-07-28 01:11:15 - https://www.atptour.com/en/players/roberto-ortega-olmedo/o340/overview
22-07-28 01:11:15 - https://www.atptour.com/en/players/mohamed-safwat/sk47/overview
22-07-28 01:11:15 - https://www.atptour.com/en/players/mariano-kestelboim/ke69/overview
22-07-28 01:11:15 - https://www.atptour.com/en/players/johannes-ingildsen/i411/overview
22-07-28 01:11:15 - https://www.atptour.com/en/players/pol-toledo-bague/tc09/overview
22-07-28 01:11:15 - https://www.atptour.com/en/players/simon-beaupain/b0c3/overview
22-07-28 01:11:15 - https://www.atptour.com/en/players/gabriel-diallo/d0f6/overview
22-07-28 01:11:15 - https://www.atptour.com/en/players/murphy-cassone/c0ht/overview
22-07-28 01:11:15 - https://www.atptour.com/en/players/matija-pecotic/ph42/overview
22-07-28 01:11:15 - https://www.atptour.com/en/players/igor-sijsling/sf36/overview
22-07-28 01:11:15 - https://www.atptour.com/en/players/julian-ocleppo/o507/overview
22-07-28 01:11:15 - https://www.atptour.com/en/players/gabriel-debru/d0hd/overview
22-07-28 01:11:15 - https://www.atptour.com/en/players/szymon-kielan/k0hb/overview
22-07-28 01:11:15 - https://www.atptour.com/en/players/emil-reinberg/rh79/overview
22-07-28 01:11:15 - https://www.atptour.com/en/players/yusuke-takahashi/tf58/overview
22-07-28 01:11:15 - https://www.atptour.com/en/players/simon-anthony-ivanov/i427/overview
22-07-28 01:11:15 - https://www.atptour.com/en/players/dali-blanch/b0jp/overview
22-07-28 01:11:15 - https://www.atptour.com/en/players/alexis-musialek/mi69/overview
22-07-28 01:11:15 - https://www.atptour.com/en/players/adam-walton/w09e/overview
22-07-28 01:11:15 - https://www.atptour.com/en/players/enrico-dalla-valle/dg80/overview
22-07-28 01:11:15 - https://www.atptour.com/en/players/john-echeverria/e0au/overview
22-07-28 01:11:15 - https://www.atptour.com/en/players/ilya-snitari/s0r5/overview
22-07-28 01:11:15 - https://www.atptour.com/en/players/marsel-ilhan/k771/overview
22-07-28 01:11:15 - https://www.atptour.com/en/players/ryan-james-storrie/sy31/overview
22-07-28 01:11:15 - https://www.atptour.com/en/players/ryan-harrison/h940/overview
22-07-28 01:11:15 - https://www.atptour.com/en/players/maciej-rajski/ra43/overview
22-07-28 01:11:15 - https://www.atptour.com/en/players/alafia-ayeni/a09p/overview
22-07-28 01:11:15 - https://www.atptour.com/en/players/eliakim-coulibaly/c0hb/overview
22-07-28 01:11:15 - https://www.atptour.com/en/players/eduardo-ribeiro/r09v/overview
22-07-28 01:11:15 - https://www.atptour.com/en/players/luis-patino/pe42/overview
22-07-28 01:11:15 - https://www.atptour.com/en/players/illya-beloborodko/b0dj/overview
22-07-28 01:11:15 - https://www.atptour.com/en/players/davide-galoppini/gf20/overview
22-07-28 01:11:15 - https://www.atptour.com/en/players/xiaofei-wang/w0b3/overview
22-07-28 01:11:15 - https://www.atptour.com/en/players/jorge-martinez-martinez/mo54/overview
22-07-28 01:11:15 - https://www.atptour.com/en/players/marcello-serafini/s0rf/overview
22-07-28 01:11:15 - https://www.atptour.com/en/players/ricardo-rodriguez---pace/rb00/overview
22-07-28 01:11:15 - https://www.atptour.com/en/players/maxime-chazal/cd00/overview
22-07-28 01:11:15 - https://www.atptour.com/en/players/andrea-picchione/p0dr/overview
22-07-28 01:11:15 - https://www.atptour.com/en/players/arthur-bouquier/b0er/overview
22-07-28 01:11:15 - https://www.atptour.com/en/players/max-alcala-gurri/a0ea/overview
22-07-28 01:11:15 - https://www.atptour.com/en/players/luke-johnson/j543/overview
22-07-28 01:11:15 - https://www.atptour.com/en/players/enzo-wallart/w749/overview
22-07-28 01:11:15 - https://www.atptour.com/en/players/juan-ignacio-galarza/gd91/overview
22-07-28 01:11:15 - https://www.atptour.com/en/players/alexandru-jecan/j468/overview
22-07-28 01:11:15 - https://www.atptour.com/en/players/maxence-beauge/b0a0/overview
22-07-28 01:11:15 - https://www.atptour.com/en/players/sandro-kopp/k0cj/overview
22-07-28 01:11:15 - https://www.atptour.com/en/players/toby-samuel/s0tm/overview
22-07-28 01:11:15 - https://www.atptour.com/en/players/rigele-te/tg30/overview
22-07-28 01:11:15 - https://www.atptour.com/en/players/rrezart-cungu/c09t/overview
22-07-28 01:11:15 - https://www.atptour.com/en/players/blu-baker/b0if/overview
22-07-28 01:11:15 - https://www.atptour.com/en/players/alec-deckers/d0d2/overview
22-07-28 01:11:15 - https://www.atptour.com/en/players/gabriele-piraino/p0i6/overview
22-07-28 01:11:15 - https://www.atptour.com/en/players/federico-arnaboldi/a0ba/overview
22-07-28 01:11:15 - https://www.atptour.com/en/players/omar-giacalone/gb94/overview
22-07-28 01:11:15 - https://www.atptour.com/en/players/diego-augusto-barreto-sanchez/b0hf/overview
22-07-28 01:11:15 - https://www.atptour.com/en/players/ivan-liutarevich/lf40/overview
22-07-28 01:11:15 - https://www.atptour.com/en/players/cayetano-march/m0aa/overview
22-07-28 01:11:15 - https://www.atptour.com/en/players/ray-ho/h0ag/overview
22-07-28 01:11:15 - https://www.atptour.com/en/players/shinji-hazawa/h0ba/overview
22-07-28 01:11:15 - https://www.atptour.com/en/players/vilius-gaubas/g0fw/overview
22-07-28 01:11:15 - https://www.atptour.com/en/players/federico-zeballos/z239/overview
22-07-28 01:11:15 - https://www.atptour.com/en/players/nathan-seateun/s09y/overview
22-07-28 01:11:15 - https://www.atptour.com/en/players/luca-castelnuovo/ch80/overview
22-07-28 01:11:15 - https://www.atptour.com/en/players/isaiah-strode/sx77/overview
22-07-28 01:11:15 - https://www.atptour.com/en/players/martin-breysach/b0da/overview
22-07-28 01:11:15 - https://www.atptour.com/en/players/denis-klok/kg49/overview
22-07-28 01:11:15 - https://www.atptour.com/en/players/rogerio-dutra-silva/sc73/overview
22-07-28 01:11:15 - https://www.atptour.com/en/players/andres-martin/m0np/overview
22-07-28 01:11:15 - https://www.atptour.com/en/players/daniel-rodrigues/r0ar/overview
22-07-28 01:11:15 - https://www.atptour.com/en/players/rayane-roumane/rh54/overview
22-07-28 01:11:15 - https://www.atptour.com/en/players/bruno-kuzuhara/k0hn/overview
22-07-28 01:11:15 - https://www.atptour.com/en/players/michel-vernier/v731/overview
22-07-28 01:11:15 - https://www.atptour.com/en/players/nicolas-tepmahc/t0bd/overview
22-07-28 01:11:15 - https://www.atptour.com/en/players/evan-king/kb37/overview
22-07-28 01:11:15 - https://www.atptour.com/en/players/danylo-kalenichenko/ke05/overview
22-07-28 01:11:15 - https://www.atptour.com/en/players/marko-tepavac/tc11/overview
22-07-28 01:11:15 - https://www.atptour.com/en/players/deney-wassermann/w0bd/overview
22-07-28 01:11:15 - https://www.atptour.com/en/players/fernando-yamacita/y223/overview
22-07-28 01:11:15 - https://www.atptour.com/en/players/kiranpal-pannu/p0ed/overview
22-07-28 01:11:15 - https://www.atptour.com/en/players/tommaso-compagnucci/c0bb/overview
22-07-28 01:11:15 - https://www.atptour.com/en/players/alexandr-cozbinov/cj60/overview
22-07-28 01:11:15 - https://www.atptour.com/en/players/alessandro-bega/bf98/overview
22-07-28 01:11:15 - https://www.atptour.com/en/players/jaroslav-pospisil/p605/overview
22-07-28 01:11:15 - https://www.atptour.com/en/players/fajing-sun/sx90/overview
22-07-28 01:11:15 - https://www.atptour.com/en/players/sanjar-fayziev/f786/overview
22-07-28 01:11:15 - https://www.atptour.com/en/players/stefan-popovic/p0g5/overview
22-07-28 01:11:15 - https://www.atptour.com/en/players/aaron-addison/ad06/overview
22-07-28 01:11:15 - https://www.atptour.com/en/players/niklas-schell/sz36/overview
22-07-28 01:11:15 - https://www.atptour.com/en/players/alessandro-ragazzi/r0ac/overview
22-07-28 01:11:15 - https://www.atptour.com/en/players/lukas-pokorny/p0hp/overview
22-07-28 01:11:15 - https://www.atptour.com/en/players/leo-borg/b0jg/overview
22-07-28 01:11:15 - https://www.atptour.com/en/players/marat-sharipov/s0mn/overview
22-07-28 01:11:15 - https://www.atptour.com/en/players/ajeet-rai/r0dc/overview
22-07-28 01:11:15 - https://www.atptour.com/en/players/neil-oberleitner/o0ad/overview
22-07-28 01:11:15 - https://www.atptour.com/en/players/daniel-little/l0ee/overview
22-07-28 01:11:15 - https://www.atptour.com/en/players/stefano-battaglino/b0e8/overview
22-07-28 01:11:15 - https://www.atptour.com/en/players/filip-bergevi/bl61/overview
22-07-28 01:11:15 - https://www.atptour.com/en/players/johannus-monday/m0on/overview
22-07-28 01:11:15 - https://www.atptour.com/en/players/matias-soto/s0ek/overview
22-07-28 01:11:15 - https://www.atptour.com/en/players/rafael-matos/mo41/overview
22-07-28 01:11:15 - https://www.atptour.com/en/players/abedallah-shelbayh/s0nv/overview
22-07-28 01:11:15 - https://www.atptour.com/en/players/toby-alex-kodat/k0eu/overview
22-07-28 01:11:15 - https://www.atptour.com/en/players/thomas-deschamps/d0fy/overview
22-07-28 01:11:15 - https://www.atptour.com/en/players/jean-thirouin/tg90/overview
22-07-28 01:11:15 - https://www.atptour.com/en/players/digvijaypratap-singh/sy71/overview
22-07-28 01:11:15 - https://www.atptour.com/en/players/aleksandre-bakshi/bp74/overview
22-07-28 01:11:15 - https://www.atptour.com/en/players/matic-spec/sq44/overview
22-07-28 01:11:15 - https://www.atptour.com/en/players/s-d-prajwal-dev/dh23/overview
22-07-28 01:11:15 - https://www.atptour.com/en/players/alexander-bernard/b0i0/overview
22-07-28 01:11:15 - https://www.atptour.com/en/players/matthew-christopher-romios/rh69/overview
22-07-28 01:11:15 - https://www.atptour.com/en/players/millen-hurrion/h0ei/overview
22-07-28 01:11:15 - https://www.atptour.com/en/players/cyril-vandermeersch/v0bc/overview
22-07-28 01:11:15 - https://www.atptour.com/en/players/cheong-eui-kim/k863/overview
22-07-28 01:11:15 - https://www.atptour.com/en/players/gabriel-alejandro-hidalgo/h999/overview
22-07-28 01:11:15 - https://www.atptour.com/en/players/vlad-andrei-dancu/dh53/overview
22-07-28 01:11:15 - https://www.atptour.com/en/players/alex-knaff/kj00/overview
22-07-28 01:11:15 - https://www.atptour.com/en/players/max-hans-rehberg/r0ed/overview
22-07-28 01:11:15 - https://www.atptour.com/en/players/kirill-kivattsev/ki71/overview
22-07-28 01:11:15 - https://www.atptour.com/en/players/jumpei-yamasaki/y235/overview
22-07-28 01:11:15 - https://www.atptour.com/en/players/julian-cash/ci96/overview
22-07-28 01:11:15 - https://www.atptour.com/en/players/diego-fernandez-flores/f0c4/overview
22-07-28 01:11:15 - https://www.atptour.com/en/players/lorenzo-rottoli/r0b6/overview
22-07-28 01:11:15 - https://www.atptour.com/en/players/tsung-hao-huang/h0b5/overview
22-07-28 01:11:15 - https://www.atptour.com/en/players/bruno-pujol-navarro/p0cu/overview
22-07-28 01:11:15 - https://www.atptour.com/en/players/colin-markes/m0bo/overview
22-07-28 01:11:15 - https://www.atptour.com/en/players/daniil-glinka/g0by/overview
22-07-28 01:11:15 - https://www.atptour.com/en/players/bor-artnak/a0i1/overview
22-07-28 01:11:15 - https://www.atptour.com/en/players/lloyd-glasspool/gd08/overview
22-07-28 01:11:15 - https://www.atptour.com/en/players/julio-cesar-porras/c0kh/overview
22-07-28 01:11:15 - https://www.atptour.com/en/players/jeroen-vanneste/v762/overview
22-07-28 01:11:15 - https://www.atptour.com/en/players/artem-dubrivnyy/dg97/overview
22-07-28 01:11:15 - https://www.atptour.com/en/players/gerardo-lopez-villasenor/lg87/overview
22-07-28 01:11:15 - https://www.atptour.com/en/players/santiago-de-la-fuente/d0dk/overview
22-07-28 01:11:15 - https://www.atptour.com/en/players/matteo-donati/da67/overview
22-07-28 01:11:15 - https://www.atptour.com/en/players/sidane-pontjodikromo/p0be/overview
22-07-28 01:11:15 - https://www.atptour.com/en/players/christian-sigsgaard/sy00/overview
22-07-28 01:11:15 - https://www.atptour.com/en/players/jacopo-berrettini/bu10/overview
22-07-28 01:11:15 - https://www.atptour.com/en/players/sahar-simon/s0ki/overview
22-07-28 01:11:15 - https://www.atptour.com/en/players/axel-garcian/g0ff/overview
22-07-28 01:11:15 - https://www.atptour.com/en/players/yann-wojcik/wb24/overview
22-07-28 01:11:15 - https://www.atptour.com/en/players/mikalai-haliak/hh15/overview
22-07-28 01:11:15 - https://www.atptour.com/en/players/luis-faria/fc42/overview
22-07-28 01:11:15 - https://www.atptour.com/en/players/matthew-dellavedova/d0a2/overview
22-07-28 01:11:15 - https://www.atptour.com/en/players/bradley-klahn/ka98/overview
22-07-28 01:11:15 - https://www.atptour.com/en/players/marcel-granollers/g710/overview
22-07-28 01:11:15 - https://www.atptour.com/en/players/stefan-dostanic/d0d4/overview
22-07-28 01:11:15 - https://www.atptour.com/en/players/dino-prizmic/p0hw/overview
22-07-28 01:11:15 - https://www.atptour.com/en/players/andres-andrade/ag08/overview
22-07-28 01:11:15 - https://www.atptour.com/en/players/jie-cui/c0aj/overview
22-07-28 01:11:15 - https://www.atptour.com/en/players/mathieu-scaglia/s09b/overview
22-07-28 01:11:15 - https://www.atptour.com/en/players/christoph-negritu/n731/overview
22-07-28 01:11:15 - https://www.atptour.com/en/players/lucas-bouquet/bu32/overview
22-07-28 01:11:15 - https://www.atptour.com/en/players/emiliano-maggioli/m0hc/overview
22-07-28 01:11:15 - https://www.atptour.com/en/players/daniel-antonio-nunez/n0bu/overview
22-07-28 01:11:15 - https://www.atptour.com/en/players/victor-lilov/l0g8/overview
22-07-28 01:11:15 - https://www.atptour.com/en/players/masamichi-imamura/i426/overview
22-07-28 01:11:15 - https://www.atptour.com/en/players/nitin-kumar-sinha/sy50/overview
22-07-28 01:11:15 - https://www.atptour.com/en/players/fausto-tabacco/t0cu/overview
22-07-28 01:11:15 - https://www.atptour.com/en/players/patrik-niklas-salminen/n754/overview
22-07-28 01:11:15 - https://www.atptour.com/en/players/kelsey-stevenson/sm18/overview
22-07-28 01:11:15 - https://www.atptour.com/en/players/nicolas-buitrago/b0mg/overview
22-07-28 01:11:15 - https://www.atptour.com/en/players/blaise-bicknell/b0i5/overview
22-07-28 01:11:15 - https://www.atptour.com/en/players/buvaysar-gadamauri/g0cv/overview
22-07-28 01:11:15 - https://www.atptour.com/en/players/mwendwa-mbithi/mw69/overview
22-07-28 01:11:15 - https://www.atptour.com/en/players/keisuke-saitoh/s0ld/overview
22-07-28 01:11:15 - https://www.atptour.com/en/players/mario-mansilla-diez/m0ee/overview
22-07-28 01:11:15 - https://www.atptour.com/en/players/alejandro-hoyos/hh32/overview
22-07-28 01:11:15 - https://www.atptour.com/en/players/michal-dembek/dg65/overview
22-07-28 01:11:15 - https://www.atptour.com/en/players/constantin-bittoun-kouzmine/bu53/overview
22-07-28 01:11:15 - https://www.atptour.com/en/players/boris-butulija/bv08/overview
22-07-28 01:11:15 - https://www.atptour.com/en/players/zane-khan/k0eq/overview
22-07-28 01:11:15 - https://www.atptour.com/en/players/james-tracy/t0gf/overview
22-07-28 01:11:15 - https://www.atptour.com/en/players/eduardo-nava/n762/overview
22-07-28 01:11:15 - https://www.atptour.com/en/players/saketh-myneni/me64/overview
22-07-28 01:11:15 - https://www.atptour.com/en/players/haoyuan-huang/h0e3/overview
22-07-28 01:11:15 - https://www.atptour.com/en/players/antoine-cornut-chauvinc/c0az/overview
22-07-28 01:11:15 - https://www.atptour.com/en/players/taha-baadi/b0d6/overview
22-07-28 01:11:15 - https://www.atptour.com/en/players/alexandre-reco/r09t/overview
22-07-28 01:11:15 - https://www.atptour.com/en/players/uisung-park/p0av/overview
22-07-28 01:11:15 - https://www.atptour.com/en/players/a.j.-catanzariti/ci19/overview
22-07-28 01:11:15 - https://www.atptour.com/en/players/karim-mohamed-maamoun/mj70/overview
22-07-28 01:11:15 - https://www.atptour.com/en/players/zsombor-velcz/v0e1/overview
22-07-28 01:11:15 - https://www.atptour.com/en/players/orel-kimhi/k0ho/overview
22-07-28 01:11:15 - https://www.atptour.com/en/players/luka-pavlovic/p0ay/overview
22-07-28 01:11:15 - https://www.atptour.com/en/players/leopold-zima/z09w/overview
22-07-28 01:11:15 - https://www.atptour.com/en/players/gabriel-donev/dc83/overview
22-07-28 01:11:15 - https://www.atptour.com/en/players/yannick-mertens/mg08/overview
22-07-28 01:11:15 - https://www.atptour.com/en/players/michael-zhu/z350/overview
22-07-28 01:11:15 - https://www.atptour.com/en/players/vladislav-ivanov/i09e/overview
22-07-28 01:11:15 - https://www.atptour.com/en/players/alvaro-guillen-meza/g0dh/overview
22-07-28 01:11:15 - https://www.atptour.com/en/players/alejandro-mendoza/me70/overview
22-07-28 01:11:15 - https://www.atptour.com/en/players/gorazd-srbljak/s09k/overview
22-07-28 01:11:15 - https://www.atptour.com/en/players/viktor-jovic/j0cm/overview
22-07-28 01:11:15 - https://www.atptour.com/en/players/tim-smyczek/sf62/overview
22-07-28 01:11:15 - https://www.atptour.com/en/players/n.sriram-balaji/n558/overview
22-07-28 01:11:15 - https://www.atptour.com/en/players/jan-zielinski/z423/overview
22-07-28 01:11:15 - https://www.atptour.com/en/players/jonathan-eysseric/e678/overview
22-07-28 01:11:15 - https://www.atptour.com/en/players/alex-martinez/m0gb/overview
22-07-28 01:11:15 - https://www.atptour.com/en/players/juan-manuel-benitez-chavarriaga/bj70/overview
22-07-28 01:11:15 - https://www.atptour.com/en/players/tak-khunn-wang/w597/overview
22-07-28 01:11:15 - https://www.atptour.com/en/players/svyatoslav-gulin/g0j9/overview
22-07-28 01:11:15 - https://www.atptour.com/en/players/ze-zhang/z272/overview
22-07-28 01:11:15 - https://www.atptour.com/en/players/maxence-broville/bu35/overview
22-07-28 01:11:15 - https://www.atptour.com/en/players/blake-ellis/ea27/overview
22-07-28 01:11:15 - https://www.atptour.com/en/players/lilian-marmousez/m0gy/overview
22-07-28 01:11:15 - https://www.atptour.com/en/players/pierre-delage/d0db/overview
22-07-28 01:11:15 - https://www.atptour.com/en/players/david-jorda-sanchis/j476/overview
22-07-28 01:11:15 - https://www.atptour.com/en/players/osgar-o'hoisin/o684/overview
22-07-28 01:11:15 - https://www.atptour.com/en/players/gabriele-maria-noce/n724/overview
22-07-28 01:11:15 - https://www.atptour.com/en/players/dusty-h.-boyer/b0c2/overview
22-07-28 01:11:15 - https://www.atptour.com/en/players/andrea-guerrieri/g0a0/overview
22-07-28 01:11:15 - https://www.atptour.com/en/players/tao-mu/m09e/overview
22-07-28 01:11:15 - https://www.atptour.com/en/players/aziz-ouakaa/o09a/overview
22-07-28 01:11:15 - https://www.atptour.com/en/players/tristan-boyer/b0ej/overview
22-07-28 01:11:15 - https://www.atptour.com/en/players/michiel-de-krom/dh55/overview
22-07-28 01:11:15 - https://www.atptour.com/en/players/thomaz-bellucci/bd20/overview
22-07-28 01:11:15 - https://www.atptour.com/en/players/shunsuke-mitsui/m0na/overview
22-07-28 01:11:15 - https://www.atptour.com/en/players/diego-hidalgo/h928/overview
22-07-28 01:11:15 - https://www.atptour.com/en/players/jakub-mensik/m0ni/overview
22-07-28 01:11:15 - https://www.atptour.com/en/players/guido-andreozzi/a887/overview
22-07-28 01:11:15 - https://www.atptour.com/en/players/arthur-fery/f0dm/overview
22-07-28 01:11:15 - https://www.atptour.com/en/players/tom-kocevar-desman/h986/overview
22-07-28 01:11:15 - https://www.atptour.com/en/players/matt-kuhar/k0em/overview
22-07-28 01:11:15 - https://www.atptour.com/en/players/aidan-mayo/m0nb/overview
22-07-28 01:11:15 - https://www.atptour.com/en/players/aliaksandr-bulitski/bh21/overview
22-07-28 01:11:15 - https://www.atptour.com/en/players/guy-den-heijer/dh18/overview
22-07-28 01:11:15 - https://www.atptour.com/en/players/yan-sabanin/sk53/overview
22-07-28 01:11:15 - https://www.atptour.com/en/players/joshua-sheehy/s0nn/overview
22-07-28 01:11:15 - https://www.atptour.com/en/players/guy-orly-iradukunda/i327/overview
22-07-28 01:11:15 - https://www.atptour.com/en/players/hugo-pontico/pm29/overview
22-07-28 01:11:15 - https://www.atptour.com/en/players/filip-duda/d0a3/overview
22-07-28 01:11:15 - https://www.atptour.com/en/players/florent-bax/b0bu/overview
22-07-28 01:11:15 - https://www.atptour.com/en/players/grigoriy-lomakin/lg37/overview
22-07-28 01:11:15 - https://www.atptour.com/en/players/christian-lindell/la94/overview
22-07-28 01:11:15 - https://www.atptour.com/en/players/pablo-vivero-gonzalez/v886/overview
22-07-28 01:11:15 - https://www.atptour.com/en/players/robin-stanek/so86/overview
22-07-28 01:11:15 - https://www.atptour.com/en/players/tristan-mccormick/m0eg/overview
22-07-28 01:11:15 - https://www.atptour.com/en/players/marcelo-zormann/z363/overview
22-07-28 01:11:15 - https://www.atptour.com/en/players/kyle-kang/k0hl/overview
22-07-28 01:11:15 - https://www.atptour.com/en/players/ishaque-eqbal/e0ab/overview
22-07-28 01:11:15 - https://www.atptour.com/en/players/bekkhan-atlangeriev/a0e6/overview
22-07-28 01:11:15 - https://www.atptour.com/en/players/evgeny-philippov/p0g0/overview
22-07-28 01:11:15 - https://www.atptour.com/en/players/kareem-al-allaf/ag60/overview
22-07-28 01:11:15 - https://www.atptour.com/en/players/omar-brigida/b0mi/overview
22-07-28 01:11:15 - https://www.atptour.com/en/players/erik-arutiunian/a0ia/overview
22-07-28 01:11:15 - https://www.atptour.com/en/players/loic-cloes/c09d/overview
22-07-28 01:11:15 - https://www.atptour.com/en/players/seita-watanabe/w0aj/overview
22-07-28 01:11:15 - https://www.atptour.com/en/players/tibo-colson/c0i4/overview
22-07-28 01:11:15 - https://www.atptour.com/en/players/louroi-martinez/m09j/overview
22-07-28 01:11:15 - https://www.atptour.com/en/players/ryan-nijboer/n0b4/overview
22-07-28 01:11:15 - https://www.atptour.com/en/players/jesse-flores/f902/overview
22-07-28 01:11:15 - https://www.atptour.com/en/players/raymond-sarmiento/sl09/overview
22-07-28 01:11:15 - https://www.atptour.com/en/players/sadio-doumbia/d917/overview
22-07-28 01:11:15 - https://www.atptour.com/en/players/lenny-hampel/hc99/overview
22-07-28 01:11:15 - https://www.atptour.com/en/players/mischa-zverev/z168/overview
22-07-28 01:11:15 - https://www.atptour.com/en/players/gian-marco-ortenzi/o0ax/overview
22-07-28 01:11:15 - https://www.atptour.com/en/players/markos-kalovelonis/kd48/overview
22-07-28 01:11:15 - https://www.atptour.com/en/players/elmer-moller/m0k4/overview
22-07-28 01:11:15 - https://www.atptour.com/en/players/adam-moundir/mp94/overview
22-07-28 01:11:15 - https://www.atptour.com/en/players/dusan-obradovic/o0ai/overview
22-07-28 01:11:15 - https://www.atptour.com/en/players/ryan-shane/sq48/overview
22-07-28 01:11:15 - https://www.atptour.com/en/players/kuan-yi-lee/lh70/overview
22-07-28 01:11:15 - https://www.atptour.com/en/players/alessandro-ingarao/i09i/overview
22-07-28 01:11:15 - https://www.atptour.com/en/players/zura-tkemaladze/t0ag/overview
22-07-28 01:11:15 - https://www.atptour.com/en/players/domagoj-biljesko/bm45/overview
22-07-28 01:11:15 - https://www.atptour.com/en/players/peter-nagy/n729/overview
22-07-28 01:11:15 - https://www.atptour.com/en/players/amaury-raynel/r0gn/overview
22-07-28 01:11:15 - https://www.atptour.com/en/players/lorenzo-joaquin-rodriguez/r0bc/overview
22-07-28 01:11:15 - https://www.atptour.com/en/players/brandon-walkin/w738/overview
22-07-28 01:11:15 - https://www.atptour.com/en/players/kento-takeuchi/t885/overview
22-07-28 01:11:15 - https://www.atptour.com/en/players/paul-woerner/w725/overview
22-07-28 01:11:15 - https://www.atptour.com/en/players/alexander-crnokrak/c0a0/overview
22-07-28 01:11:15 - https://www.atptour.com/en/players/gabriele-bosio/b0g4/overview
22-07-28 01:11:15 - https://www.atptour.com/en/players/connor-farren/f824/overview
22-07-28 01:11:15 - https://www.atptour.com/en/players/koray-kirci/ki91/overview
22-07-28 01:11:15 - https://www.atptour.com/en/players/dostanbek-tashbulatov/t09l/overview
22-07-28 01:11:15 - https://www.atptour.com/en/players/chris-rodesch/r0e0/overview
22-07-28 01:11:15 - https://www.atptour.com/en/players/harri-heliovaara/h808/overview
22-07-28 01:11:15 - https://www.atptour.com/en/players/kilian-feldbausch/f0f4/overview
22-07-28 01:11:15 - https://www.atptour.com/en/players/adrian-bodmer/bk12/overview
22-07-28 01:11:15 - https://www.atptour.com/en/players/alexander-sarkissian/sl07/overview
22-07-28 01:11:15 - https://www.atptour.com/en/players/pierre-yves-bailly/b0m3/overview
22-07-28 01:11:15 - https://www.atptour.com/en/players/michael-zheng/z0bz/overview
22-07-28 01:11:15 - https://www.atptour.com/en/players/gleb-sakharov/sj22/overview
22-07-28 01:11:15 - https://www.atptour.com/en/players/savva-polukhin/p0b6/overview
22-07-28 01:11:15 - https://www.atptour.com/en/players/henrique-rocha/r0go/overview
22-07-28 01:11:15 - https://www.atptour.com/en/players/ken-cavrak/c0c9/overview
22-07-28 01:11:15 - https://www.atptour.com/en/players/petr-nesterov/n0cj/overview
22-07-28 01:11:15 - https://www.atptour.com/en/players/tyler-zink/z0ak/overview
22-07-28 01:11:15 - https://www.atptour.com/en/players/maxime-hamou/hb35/overview
22-07-28 01:11:15 - https://www.atptour.com/en/players/dev-javia/j0cl/overview
22-07-28 01:11:15 - https://www.atptour.com/en/players/chak-lam-coleman-wong/w0bh/overview
22-07-28 01:11:15 - https://www.atptour.com/en/players/milan-welte/w0an/overview
22-07-28 01:11:15 - https://www.atptour.com/en/players/jiri-barnat/b0f0/overview
22-07-28 01:11:15 - https://www.atptour.com/en/players/alex-barrena/b0gy/overview
22-07-28 01:11:15 - https://www.atptour.com/en/players/amr-elsayed/a0g8/overview
22-07-28 01:11:15 - https://www.atptour.com/en/players/takuto-niki/n598/overview
22-07-28 01:11:15 - https://www.atptour.com/en/players/milos-karol/k0hg/overview
22-07-28 01:11:15 - https://www.atptour.com/en/players/nicolas-zanellato/z0by/overview
22-07-28 01:11:15 - https://www.atptour.com/en/players/giorgio-ricca/rd21/overview
22-07-28 01:11:15 - https://www.atptour.com/en/players/jeremy-chardy/ca12/overview
22-07-28 01:11:15 - https://www.atptour.com/en/players/sander-jong/j0cu/overview
22-07-28 01:11:15 - https://www.atptour.com/en/players/luca-vanni/v495/overview
22-07-28 01:11:15 - https://www.atptour.com/en/players/martins-podzus/pg04/overview
22-07-28 01:11:15 - https://www.atptour.com/en/players/patrik-rikl/rh13/overview
22-07-28 01:11:15 - https://www.atptour.com/en/players/yuttana-charoenphon/c0e6/overview
22-07-28 01:11:15 - https://www.atptour.com/en/players/fabien-reboul/re45/overview
22-07-28 01:11:15 - https://www.atptour.com/en/players/tsung-hua-yang/t982/overview
22-07-28 01:11:15 - https://www.atptour.com/en/players/tadeas-paroulek/p0bm/overview
22-07-28 01:11:15 - https://www.atptour.com/en/players/alan-fernando-rubio-fierros/rh88/overview
22-07-28 01:11:15 - https://www.atptour.com/en/players/adolfo-daniel-vallejo/v0dp/overview
22-07-28 01:11:15 - https://www.atptour.com/en/players/philip-florig/f0ff/overview
22-07-28 01:11:15 - https://www.atptour.com/en/players/taiyo-yamanaka/y0a8/overview
22-07-28 01:11:15 - https://www.atptour.com/en/players/abhinav-sanjeev-shanmugam/sy73/overview
22-07-28 01:11:15 - https://www.atptour.com/en/players/leonid-sheyngezikht/s0lf/overview
22-07-28 01:11:15 - https://www.atptour.com/en/players/franco-roncadelli/r0bt/overview
22-07-28 01:11:15 - https://www.atptour.com/en/players/taisei-ichikawa/i0a6/overview
22-07-28 01:11:15 - https://www.atptour.com/en/players/mateo-gomez/g0bz/overview
22-07-28 01:11:15 - https://www.atptour.com/en/players/dan-alexandru-tomescu/t0aa/overview
22-07-28 01:11:15 - https://www.atptour.com/en/players/michal-mikula/m0dw/overview
22-07-28 01:11:15 - https://www.atptour.com/en/players/niki-kaliyanda-poonacha/kh77/overview
22-07-28 01:11:15 - https://www.atptour.com/en/players/stefanos-sakellaridis/s0kt/overview
22-07-28 01:11:15 - https://www.atptour.com/en/players/maik-steiner/s0gf/overview
22-07-28 01:11:15 - https://www.atptour.com/en/players/lukas-palovic/p0ff/overview
22-07-28 01:11:15 - https://www.atptour.com/en/players/fletcher-scott/s0ed/overview
22-07-28 01:11:15 - https://www.atptour.com/en/players/volodoymyr-uzhylovskyi/u107/overview
22-07-28 01:11:15 - https://www.atptour.com/en/players/niccolo-catini/c0c1/overview
22-07-28 01:11:15 - https://www.atptour.com/en/players/edward-winter/w0c4/overview
22-07-28 01:11:15 - https://www.atptour.com/en/players/tommy-robredo/r419/overview
22-07-28 01:11:15 - https://www.atptour.com/en/players/martin-borisiouk/b0a1/overview
22-07-28 01:11:15 - https://www.atptour.com/en/players/carlos-boluda-purkiss/bg72/overview
22-07-28 01:11:15 - https://www.atptour.com/en/players/yannick-maden/mh16/overview
22-07-28 01:12:22 - Connection pool is full, discarding connection: www.atptour.com
22-07-28 01:12:22 - Connection pool is full, discarding connection: www.atptour.com
